[ 2017-03-24T14:07:09+08:00 ] ::1 /theguide/admin.php
INFO: [ app_init ] --START--
INFO: Run Behavior\BuildLiteBehavior [ RunTime:0.000017s ]
INFO: [ app_init ] --END-- [ RunTime:0.000589s ]
INFO: [ app_begin ] --START--
INFO: Run Behavior\ReadHtmlCacheBehavior [ RunTime:0.000709s ]
INFO: Run Behavior\CheckLangBehavior [ RunTime:0.002249s ]
INFO: [ app_begin ] --END-- [ RunTime:0.003084s ]

[ 2017-03-24T14:07:09+08:00 ] ::1 /theguide/admin.php?s=/Public/login
INFO: [ app_init ] --START--
INFO: Run Behavior\BuildLiteBehavior [ RunTime:0.000018s ]
INFO: [ app_init ] --END-- [ RunTime:0.000615s ]
INFO: [ app_begin ] --START--
INFO: Run Behavior\ReadHtmlCacheBehavior [ RunTime:0.000652s ]
INFO: Run Behavior\CheckLangBehavior [ RunTime:0.002122s ]
INFO: [ app_begin ] --END-- [ RunTime:0.002935s ]
INFO: [ view_parse ] --START--
INFO: [ template_filter ] --START--
INFO: Run Behavior\ContentReplaceBehavior [ RunTime:0.000199s ]
INFO: [ template_filter ] --END-- [ RunTime:0.000347s ]
INFO: Run Behavior\ParseTemplateBehavior [ RunTime:0.009463s ]
INFO: [ view_parse ] --END-- [ RunTime:0.009549s ]
INFO: [ view_filter ] --START--
INFO: Run Behavior\WriteHtmlCacheBehavior [ RunTime:0.000724s ]
INFO: [ view_filter ] --END-- [ RunTime:0.000789s ]
INFO: [ app_end ] --START--
INFO: Run Behavior\ShowPageTraceBehavior [ RunTime:0.000941s ]
INFO: [ app_end ] --END-- [ RunTime:0.001003s ]

[ 2017-03-24T14:07:10+08:00 ] ::1 /theguide/admin.php?s=/Public/login
INFO: [ app_init ] --START--
INFO: Run Behavior\BuildLiteBehavior [ RunTime:0.000021s ]
INFO: [ app_init ] --END-- [ RunTime:0.000676s ]
INFO: [ app_begin ] --START--
INFO: Run Behavior\ReadHtmlCacheBehavior [ RunTime:0.000762s ]
INFO: Run Behavior\CheckLangBehavior [ RunTime:0.002135s ]
INFO: [ app_begin ] --END-- [ RunTime:0.003017s ]
SQL: SHOW COLUMNS FROM `theguide_admin` [ RunTime:0.0055s ]
SQL: SELECT * FROM `theguide_admin` WHERE `a_uname` = 'admin' LIMIT 1   [ RunTime:0.0004s ]
SQL: UPDATE `theguide_admin` SET `a_last_login_time`='1490335630',`a_login_count`=a_login_count+1,`a_last_login_ip`='0.0.0.0' WHERE `a_id` = 2 [ RunTime:0.0016s ]
SQL: SHOW COLUMNS FROM `theguide_user_action` [ RunTime:0.0049s ]
SQL: INSERT INTO `theguide_user_action` (`type`,`user_id`,`uname`,`add_time`,`info`) VALUES ('后台系统用户','2','admin','2017-03-24 14:07:10','登录了后台系统') [ RunTime:0.0015s ]

[ 2017-03-24T14:07:11+08:00 ] ::1 /theguide/admin.php?s=/Index/index
INFO: [ app_init ] --START--
INFO: Run Behavior\BuildLiteBehavior [ RunTime:0.000017s ]
INFO: [ app_init ] --END-- [ RunTime:0.000606s ]
INFO: [ app_begin ] --START--
INFO: Run Behavior\ReadHtmlCacheBehavior [ RunTime:0.000905s ]
INFO: Run Behavior\CheckLangBehavior [ RunTime:0.002006s ]
INFO: [ app_begin ] --END-- [ RunTime:0.003077s ]
SQL: SELECT DISTINCT ip from theguide_visitors_ip [ RunTime:0.0008s ]
SQL: SELECT DISTINCT ip from theguide_visitors_ip where last_visit_time='2017-03-24' [ RunTime:0.0005s ]
SQL: SHOW COLUMNS FROM `theguide_member` [ RunTime:0.0052s ]
SQL: SELECT * FROM `theguide_member`  [ RunTime:0.0004s ]
SQL: SELECT * from theguide_member where create_time>=1490284800 [ RunTime:0.0003s ]
SQL: SELECT SUM(total) AS total FROM theguide_order WHERE order_status_id NOT IN (3,5) [ RunTime:0.0003s ]
SQL: SELECT SUM(total) AS total FROM theguide_order WHERE order_status_id NOT IN (3,5) AND date_added>=1490284800 AND date_added<=1490371200 [ RunTime:0.0003s ]
SQL: SELECT count(*) AS total FROM theguide_order  [ RunTime:0.0003s ]
SQL: SELECT count(*) AS total FROM theguide_order  where date_added>=1490284800 AND date_added<=1490371200 [ RunTime:0.0003s ]
NOTIC: [2] Missing argument 1 for Admin\Model\OrderModel::show_order_page(), called in E:\wamp\www\theguide\Modules\Admin\Controller\IndexController.class.php on line 28 and defined E:\wamp\www\theguide\Modules\Admin\Model\OrderModel.class.php 第 21 行.
SQL: SELECT o.order_id,o.order_num_alias,o.total,o.ip_region,o.payment_code,o.shipping_method,o.date_added,o.date_modified,m.uname,os.order_status_id,os.name FROM theguide_order o,theguide_member m,theguide_order_status os WHERE o.member_id=m.member_id AND o.order_status_id=os.order_status_id  [ RunTime:0.0010s ]
SQL: SELECT o.order_id,o.order_num_alias,o.total,o.ip_region,o.payment_code,o.shipping_method,o.date_added,o.date_modified,m.uname,os.order_status_id,os.name FROM theguide_order o,theguide_member m,theguide_order_status os WHERE o.member_id=m.member_id AND o.order_status_id=os.order_status_id  ORDER BY o.order_id DESC LIMIT 0,10 [ RunTime:0.0009s ]
SQL: SHOW COLUMNS FROM `theguide_user_action` [ RunTime:0.0053s ]
SQL: SELECT * FROM `theguide_user_action` ORDER BY ua_id desc LIMIT 10   [ RunTime:0.0004s ]
INFO: [ view_parse ] --START--
INFO: [ template_filter ] --START--
INFO: Run Behavior\ContentReplaceBehavior [ RunTime:0.000142s ]
INFO: [ template_filter ] --END-- [ RunTime:0.000227s ]
SQL: SHOW COLUMNS FROM `theguide_menu` [ RunTime:0.0062s ]
SQL: SELECT * FROM `theguide_menu` ORDER BY sort_order  [ RunTime:0.0005s ]
INFO: [ view_parse ] --START--
INFO: [ template_filter ] --START--
INFO: Run Behavior\ContentReplaceBehavior [ RunTime:0.000054s ]
INFO: [ template_filter ] --END-- [ RunTime:-0.019460s ]
INFO: Run Behavior\ParseTemplateBehavior [ RunTime:0.005736s ]
INFO: [ view_parse ] --END-- [ RunTime:0.005808s ]
INFO: [ view_filter ] --START--
INFO: Run Behavior\WriteHtmlCacheBehavior [ RunTime:0.000737s ]
INFO: [ view_filter ] --END-- [ RunTime:0.000797s ]
INFO: Run Behavior\ParseTemplateBehavior [ RunTime:0.008149s ]
INFO: [ view_parse ] --END-- [ RunTime:0.005808s ]
INFO: [ view_filter ] --START--
INFO: Run Behavior\WriteHtmlCacheBehavior [ RunTime:0.000015s ]
INFO: [ view_filter ] --END-- [ RunTime:-0.001603s ]
INFO: [ app_end ] --START--
INFO: Run Behavior\ShowPageTraceBehavior [ RunTime:0.000997s ]
INFO: [ app_end ] --END-- [ RunTime:0.001058s ]

[ 2017-03-24T14:07:13+08:00 ] ::1 /theguide/admin.php?s=/Contact/index
INFO: [ app_init ] --START--
INFO: Run Behavior\BuildLiteBehavior [ RunTime:0.000017s ]
INFO: [ app_init ] --END-- [ RunTime:0.000716s ]
INFO: [ app_begin ] --START--
INFO: Run Behavior\ReadHtmlCacheBehavior [ RunTime:0.000836s ]
INFO: Run Behavior\CheckLangBehavior [ RunTime:0.001793s ]
INFO: [ app_begin ] --END-- [ RunTime:0.002757s ]
SQL: SHOW COLUMNS FROM `theguide_contact` [ RunTime:0.0056s ]
SQL: SELECT COUNT(*) AS tp_count FROM `theguide_contact` LIMIT 1   [ RunTime:0.0004s ]
SQL: SELECT * FROM `theguide_contact` ORDER BY addtime desc LIMIT 0,10   [ RunTime:0.0005s ]
INFO: [ view_parse ] --START--
INFO: [ template_filter ] --START--
INFO: Run Behavior\ContentReplaceBehavior [ RunTime:0.000102s ]
INFO: [ template_filter ] --END-- [ RunTime:0.000171s ]
SQL: SHOW COLUMNS FROM `theguide_menu` [ RunTime:0.0056s ]
SQL: SELECT * FROM `theguide_menu` ORDER BY sort_order  [ RunTime:0.0005s ]
INFO: [ view_parse ] --START--
INFO: [ template_filter ] --START--
INFO: Run Behavior\ContentReplaceBehavior [ RunTime:0.000059s ]
INFO: [ template_filter ] --END-- [ RunTime:-0.015753s ]
INFO: Run Behavior\ParseTemplateBehavior [ RunTime:0.005119s ]
INFO: [ view_parse ] --END-- [ RunTime:0.005189s ]
INFO: [ view_filter ] --START--
INFO: Run Behavior\WriteHtmlCacheBehavior [ RunTime:0.000980s ]
INFO: [ view_filter ] --END-- [ RunTime:0.001086s ]
INFO: Run Behavior\ParseTemplateBehavior [ RunTime:0.006578s ]
INFO: [ view_parse ] --END-- [ RunTime:0.005189s ]
INFO: [ view_filter ] --START--
INFO: Run Behavior\WriteHtmlCacheBehavior [ RunTime:0.000051s ]
INFO: [ view_filter ] --END-- [ RunTime:-0.000366s ]
INFO: [ app_end ] --START--
INFO: Run Behavior\ShowPageTraceBehavior [ RunTime:0.001268s ]
INFO: [ app_end ] --END-- [ RunTime:0.001347s ]

[ 2017-03-24T14:07:14+08:00 ] ::1 /theguide/admin.php?s=/Code/index
INFO: [ app_init ] --START--
INFO: Run Behavior\BuildLiteBehavior [ RunTime:0.000022s ]
INFO: [ app_init ] --END-- [ RunTime:0.000649s ]
INFO: [ app_begin ] --START--
INFO: Run Behavior\ReadHtmlCacheBehavior [ RunTime:0.000722s ]
INFO: Run Behavior\CheckLangBehavior [ RunTime:0.001256s ]
INFO: [ app_begin ] --END-- [ RunTime:0.002121s ]
SQL: SHOW COLUMNS FROM `theguide_code` [ RunTime:0.0059s ]
SQL: SELECT COUNT(*) AS tp_count FROM `theguide_code` LIMIT 1   [ RunTime:0.0003s ]
SQL: SELECT * FROM `theguide_code` ORDER BY code_id desc LIMIT 0,10   [ RunTime:0.0003s ]
INFO: [ view_parse ] --START--
INFO: [ template_filter ] --START--
INFO: Run Behavior\ContentReplaceBehavior [ RunTime:0.000100s ]
INFO: [ template_filter ] --END-- [ RunTime:0.000168s ]
SQL: SHOW COLUMNS FROM `theguide_menu` [ RunTime:0.0062s ]
SQL: SELECT * FROM `theguide_menu` ORDER BY sort_order  [ RunTime:0.0005s ]
INFO: [ view_parse ] --START--
INFO: [ template_filter ] --START--
INFO: Run Behavior\ContentReplaceBehavior [ RunTime:0.000059s ]
INFO: [ template_filter ] --END-- [ RunTime:-0.016982s ]
INFO: Run Behavior\ParseTemplateBehavior [ RunTime:0.005088s ]
INFO: [ view_parse ] --END-- [ RunTime:0.005173s ]
INFO: [ view_filter ] --START--
INFO: Run Behavior\WriteHtmlCacheBehavior [ RunTime:0.000767s ]
INFO: [ view_filter ] --END-- [ RunTime:0.000829s ]
INFO: Run Behavior\ParseTemplateBehavior [ RunTime:0.006987s ]
INFO: [ view_parse ] --END-- [ RunTime:0.005173s ]
INFO: [ view_filter ] --START--
INFO: Run Behavior\WriteHtmlCacheBehavior [ RunTime:0.000015s ]
INFO: [ view_filter ] --END-- [ RunTime:-0.001054s ]
INFO: [ app_end ] --START--
INFO: Run Behavior\ShowPageTraceBehavior [ RunTime:0.000946s ]
INFO: [ app_end ] --END-- [ RunTime:0.001006s ]

[ 2017-03-24T14:07:15+08:00 ] ::1 /theguide/admin.php?s=/Code/add
INFO: [ app_init ] --START--
INFO: Run Behavior\BuildLiteBehavior [ RunTime:0.000020s ]
INFO: [ app_init ] --END-- [ RunTime:0.000618s ]
INFO: [ app_begin ] --START--
INFO: Run Behavior\ReadHtmlCacheBehavior [ RunTime:0.000646s ]
INFO: Run Behavior\CheckLangBehavior [ RunTime:0.001216s ]
INFO: [ app_begin ] --END-- [ RunTime:0.002004s ]
INFO: [ view_parse ] --START--
INFO: [ template_filter ] --START--
INFO: Run Behavior\ContentReplaceBehavior [ RunTime:0.000144s ]
INFO: [ template_filter ] --END-- [ RunTime:0.000224s ]
SQL: SHOW COLUMNS FROM `theguide_menu` [ RunTime:0.0056s ]
SQL: SELECT * FROM `theguide_menu` ORDER BY sort_order  [ RunTime:0.0005s ]
INFO: [ view_parse ] --START--
INFO: [ template_filter ] --START--
INFO: Run Behavior\ContentReplaceBehavior [ RunTime:0.000062s ]
INFO: [ template_filter ] --END-- [ RunTime:-0.025252s ]
INFO: Run Behavior\ParseTemplateBehavior [ RunTime:0.005380s ]
INFO: [ view_parse ] --END-- [ RunTime:0.005469s ]
INFO: [ view_filter ] --START--
INFO: Run Behavior\WriteHtmlCacheBehavior [ RunTime:0.000814s ]
INFO: [ view_filter ] --END-- [ RunTime:0.000875s ]
NOTIC: [8] Undefined variable: d E:\wamp\www\theguide\Runtime\Cache\Admin\f81eb2886bf29915331a32750499a67d.php 第 180 行.
NOTIC: [8] Undefined variable: info E:\wamp\www\theguide\Runtime\Cache\Admin\f81eb2886bf29915331a32750499a67d.php 第 281 行.
NOTIC: [8] Undefined variable: action_url E:\wamp\www\theguide\Runtime\Cache\Admin\f81eb2886bf29915331a32750499a67d.php 第 292 行.
INFO: Run Behavior\ParseTemplateBehavior [ RunTime:0.006563s ]
INFO: [ view_parse ] --END-- [ RunTime:0.005469s ]
INFO: [ view_filter ] --START--
INFO: Run Behavior\WriteHtmlCacheBehavior [ RunTime:0.000015s ]
INFO: [ view_filter ] --END-- [ RunTime:-0.000250s ]
INFO: [ app_end ] --START--
INFO: Run Behavior\ShowPageTraceBehavior [ RunTime:0.000992s ]
INFO: [ app_end ] --END-- [ RunTime:0.001066s ]

[ 2017-03-24T14:07:19+08:00 ] ::1 /theguide/admin.php?s=/Code/add
INFO: [ app_init ] --START--
INFO: Run Behavior\BuildLiteBehavior [ RunTime:0.000021s ]
INFO: [ app_init ] --END-- [ RunTime:0.000729s ]
INFO: [ app_begin ] --START--
INFO: Run Behavior\ReadHtmlCacheBehavior [ RunTime:0.000737s ]
INFO: Run Behavior\CheckLangBehavior [ RunTime:0.001477s ]
INFO: [ app_begin ] --END-- [ RunTime:0.002400s ]
SQL: SHOW COLUMNS FROM `theguide_code` [ RunTime:0.0061s ]
SQL: INSERT INTO `theguide_code` (`lv`,`code`,`content`) VALUES ('1','3123131','') [ RunTime:0.0016s ]
INFO: [ view_parse ] --START--
INFO: [ template_filter ] --START--
INFO: Run Behavior\ContentReplaceBehavior [ RunTime:0.000076s ]
INFO: [ template_filter ] --END-- [ RunTime:0.000160s ]
INFO: Run Behavior\ParseTemplateBehavior [ RunTime:0.009873s ]
INFO: [ view_parse ] --END-- [ RunTime:0.009960s ]
INFO: [ view_filter ] --START--
INFO: Run Behavior\WriteHtmlCacheBehavior [ RunTime:0.000882s ]
INFO: [ view_filter ] --END-- [ RunTime:0.000964s ]

[ 2017-03-24T14:07:20+08:00 ] ::1 /theguide/admin.php?s=/Code/index
INFO: [ app_init ] --START--
INFO: Run Behavior\BuildLiteBehavior [ RunTime:0.000035s ]
INFO: [ app_init ] --END-- [ RunTime:0.001294s ]
INFO: [ app_begin ] --START--
INFO: Run Behavior\ReadHtmlCacheBehavior [ RunTime:0.001210s ]
INFO: Run Behavior\CheckLangBehavior [ RunTime:0.002241s ]
INFO: [ app_begin ] --END-- [ RunTime:0.003674s ]
SQL: SHOW COLUMNS FROM `theguide_code` [ RunTime:0.0095s ]
SQL: SELECT COUNT(*) AS tp_count FROM `theguide_code` LIMIT 1   [ RunTime:0.0004s ]
SQL: SELECT * FROM `theguide_code` ORDER BY code_id desc LIMIT 0,10   [ RunTime:0.0005s ]
INFO: [ view_parse ] --START--
INFO: [ template_filter ] --START--
INFO: Run Behavior\ContentReplaceBehavior [ RunTime:0.000192s ]
INFO: [ template_filter ] --END-- [ RunTime:0.000326s ]
SQL: SHOW COLUMNS FROM `theguide_menu` [ RunTime:0.0063s ]
SQL: SELECT * FROM `theguide_menu` ORDER BY sort_order  [ RunTime:0.0005s ]
INFO: [ view_parse ] --START--
INFO: [ template_filter ] --START--
INFO: Run Behavior\ContentReplaceBehavior [ RunTime:0.000059s ]
INFO: [ template_filter ] --END-- [ RunTime:-0.019487s ]
INFO: Run Behavior\ParseTemplateBehavior [ RunTime:0.005589s ]
INFO: [ view_parse ] --END-- [ RunTime:0.005700s ]
INFO: [ view_filter ] --START--
INFO: Run Behavior\WriteHtmlCacheBehavior [ RunTime:0.000752s ]
INFO: [ view_filter ] --END-- [ RunTime:0.000822s ]
INFO: Run Behavior\ParseTemplateBehavior [ RunTime:0.007665s ]
INFO: [ view_parse ] --END-- [ RunTime:0.005700s ]
INFO: [ view_filter ] --START--
INFO: Run Behavior\WriteHtmlCacheBehavior [ RunTime:0.000014s ]
INFO: [ view_filter ] --END-- [ RunTime:-0.001234s ]
INFO: [ app_end ] --START--
INFO: Run Behavior\ShowPageTraceBehavior [ RunTime:0.000951s ]
INFO: [ app_end ] --END-- [ RunTime:0.001013s ]

[ 2017-03-24T14:07:21+08:00 ] ::1 /theguide/admin.php?s=/Code/add
INFO: [ app_init ] --START--
INFO: Run Behavior\BuildLiteBehavior [ RunTime:0.000021s ]
INFO: [ app_init ] --END-- [ RunTime:0.000663s ]
INFO: [ app_begin ] --START--
INFO: Run Behavior\ReadHtmlCacheBehavior [ RunTime:0.000784s ]
INFO: Run Behavior\CheckLangBehavior [ RunTime:0.001402s ]
INFO: [ app_begin ] --END-- [ RunTime:0.002332s ]
INFO: [ view_parse ] --START--
INFO: [ template_filter ] --START--
INFO: Run Behavior\ContentReplaceBehavior [ RunTime:0.000126s ]
INFO: [ template_filter ] --END-- [ RunTime:0.000195s ]
SQL: SHOW COLUMNS FROM `theguide_menu` [ RunTime:0.0226s ]
SQL: SELECT * FROM `theguide_menu` ORDER BY sort_order  [ RunTime:0.0006s ]
INFO: [ view_parse ] --START--
INFO: [ template_filter ] --START--
INFO: Run Behavior\ContentReplaceBehavior [ RunTime:0.000055s ]
INFO: [ template_filter ] --END-- [ RunTime:-0.051024s ]
INFO: Run Behavior\ParseTemplateBehavior [ RunTime:0.005147s ]
INFO: [ view_parse ] --END-- [ RunTime:0.005231s ]
INFO: [ view_filter ] --START--
INFO: Run Behavior\WriteHtmlCacheBehavior [ RunTime:0.000748s ]
INFO: [ view_filter ] --END-- [ RunTime:0.000821s ]
NOTIC: [8] Undefined variable: d E:\wamp\www\theguide\Runtime\Cache\Admin\f81eb2886bf29915331a32750499a67d.php 第 180 行.
NOTIC: [8] Undefined variable: info E:\wamp\www\theguide\Runtime\Cache\Admin\f81eb2886bf29915331a32750499a67d.php 第 281 行.
NOTIC: [8] Undefined variable: action_url E:\wamp\www\theguide\Runtime\Cache\Admin\f81eb2886bf29915331a32750499a67d.php 第 292 行.
INFO: Run Behavior\ParseTemplateBehavior [ RunTime:0.006243s ]
INFO: [ view_parse ] --END-- [ RunTime:0.005231s ]
INFO: [ view_filter ] --START--
INFO: Run Behavior\WriteHtmlCacheBehavior [ RunTime:0.000014s ]
INFO: [ view_filter ] --END-- [ RunTime:-0.000251s ]
INFO: [ app_end ] --START--
INFO: Run Behavior\ShowPageTraceBehavior [ RunTime:0.000979s ]
INFO: [ app_end ] --END-- [ RunTime:0.001040s ]

[ 2017-03-24T14:07:26+08:00 ] ::1 /theguide/admin.php?s=/Code/add
INFO: [ app_init ] --START--
INFO: Run Behavior\BuildLiteBehavior [ RunTime:0.000021s ]
INFO: [ app_init ] --END-- [ RunTime:0.000694s ]
INFO: [ app_begin ] --START--
INFO: Run Behavior\ReadHtmlCacheBehavior [ RunTime:0.000829s ]
INFO: Run Behavior\CheckLangBehavior [ RunTime:0.001535s ]
INFO: [ app_begin ] --END-- [ RunTime:0.002541s ]
SQL: SHOW COLUMNS FROM `theguide_code` [ RunTime:0.0062s ]
SQL: INSERT INTO `theguide_code` (`lv`,`code`,`content`) VALUES ('1','eeqw','') [ RunTime:0.0019s ]
INFO: [ view_parse ] --START--
INFO: [ template_filter ] --START--
INFO: Run Behavior\ContentReplaceBehavior [ RunTime:0.000066s ]
INFO: [ template_filter ] --END-- [ RunTime:0.000157s ]
INFO: Run Behavior\ParseTemplateBehavior [ RunTime:0.008322s ]
INFO: [ view_parse ] --END-- [ RunTime:0.008393s ]
INFO: [ view_filter ] --START--
INFO: Run Behavior\WriteHtmlCacheBehavior [ RunTime:0.000790s ]
INFO: [ view_filter ] --END-- [ RunTime:0.000857s ]

[ 2017-03-24T14:07:27+08:00 ] ::1 /theguide/admin.php?s=/Code/index
INFO: [ app_init ] --START--
INFO: Run Behavior\BuildLiteBehavior [ RunTime:0.000021s ]
INFO: [ app_init ] --END-- [ RunTime:0.000842s ]
INFO: [ app_begin ] --START--
INFO: Run Behavior\ReadHtmlCacheBehavior [ RunTime:0.000899s ]
INFO: Run Behavior\CheckLangBehavior [ RunTime:0.001423s ]
INFO: [ app_begin ] --END-- [ RunTime:0.002466s ]
SQL: SHOW COLUMNS FROM `theguide_code` [ RunTime:0.0057s ]
SQL: SELECT COUNT(*) AS tp_count FROM `theguide_code` LIMIT 1   [ RunTime:0.0003s ]
SQL: SELECT * FROM `theguide_code` ORDER BY code_id desc LIMIT 0,10   [ RunTime:0.0004s ]
INFO: [ view_parse ] --START--
INFO: [ template_filter ] --START--
INFO: Run Behavior\ContentReplaceBehavior [ RunTime:0.000123s ]
INFO: [ template_filter ] --END-- [ RunTime:0.000210s ]
SQL: SHOW COLUMNS FROM `theguide_menu` [ RunTime:0.0053s ]
SQL: SELECT * FROM `theguide_menu` ORDER BY sort_order  [ RunTime:0.0005s ]
INFO: [ view_parse ] --START--
INFO: [ template_filter ] --START--
INFO: Run Behavior\ContentReplaceBehavior [ RunTime:0.000066s ]
INFO: [ template_filter ] --END-- [ RunTime:-0.017026s ]
INFO: Run Behavior\ParseTemplateBehavior [ RunTime:0.005724s ]
INFO: [ view_parse ] --END-- [ RunTime:0.005828s ]
INFO: [ view_filter ] --START--
INFO: Run Behavior\WriteHtmlCacheBehavior [ RunTime:0.000833s ]
INFO: [ view_filter ] --END-- [ RunTime:0.000914s ]
INFO: Run Behavior\ParseTemplateBehavior [ RunTime:0.008223s ]
INFO: [ view_parse ] --END-- [ RunTime:0.005828s ]
INFO: [ view_filter ] --START--
INFO: Run Behavior\WriteHtmlCacheBehavior [ RunTime:0.000018s ]
INFO: [ view_filter ] --END-- [ RunTime:-0.001564s ]
INFO: [ app_end ] --START--
INFO: Run Behavior\ShowPageTraceBehavior [ RunTime:0.001036s ]
INFO: [ app_end ] --END-- [ RunTime:0.001107s ]

[ 2017-03-24T14:07:28+08:00 ] ::1 /theguide/admin.php?s=/Code/add
INFO: [ app_init ] --START--
INFO: Run Behavior\BuildLiteBehavior [ RunTime:0.000021s ]
INFO: [ app_init ] --END-- [ RunTime:0.000627s ]
INFO: [ app_begin ] --START--
INFO: Run Behavior\ReadHtmlCacheBehavior [ RunTime:0.000742s ]
INFO: Run Behavior\CheckLangBehavior [ RunTime:0.001393s ]
INFO: [ app_begin ] --END-- [ RunTime:0.002279s ]
INFO: [ view_parse ] --START--
INFO: [ template_filter ] --START--
INFO: Run Behavior\ContentReplaceBehavior [ RunTime:0.000156s ]
INFO: [ template_filter ] --END-- [ RunTime:0.000307s ]
SQL: SHOW COLUMNS FROM `theguide_menu` [ RunTime:0.0216s ]
SQL: SELECT * FROM `theguide_menu` ORDER BY sort_order  [ RunTime:0.0005s ]
INFO: [ view_parse ] --START--
INFO: [ template_filter ] --START--
INFO: Run Behavior\ContentReplaceBehavior [ RunTime:0.000058s ]
INFO: [ template_filter ] --END-- [ RunTime:-0.051665s ]
INFO: Run Behavior\ParseTemplateBehavior [ RunTime:0.005077s ]
INFO: [ view_parse ] --END-- [ RunTime:0.005157s ]
INFO: [ view_filter ] --START--
INFO: Run Behavior\WriteHtmlCacheBehavior [ RunTime:0.000841s ]
INFO: [ view_filter ] --END-- [ RunTime:0.000910s ]
NOTIC: [8] Undefined variable: d E:\wamp\www\theguide\Runtime\Cache\Admin\f81eb2886bf29915331a32750499a67d.php 第 180 行.
NOTIC: [8] Undefined variable: info E:\wamp\www\theguide\Runtime\Cache\Admin\f81eb2886bf29915331a32750499a67d.php 第 281 行.
NOTIC: [8] Undefined variable: action_url E:\wamp\www\theguide\Runtime\Cache\Admin\f81eb2886bf29915331a32750499a67d.php 第 292 行.
INFO: Run Behavior\ParseTemplateBehavior [ RunTime:0.006272s ]
INFO: [ view_parse ] --END-- [ RunTime:0.005157s ]
INFO: [ view_filter ] --START--
INFO: Run Behavior\WriteHtmlCacheBehavior [ RunTime:0.000031s ]
INFO: [ view_filter ] --END-- [ RunTime:-0.000264s ]
INFO: [ app_end ] --START--
INFO: Run Behavior\ShowPageTraceBehavior [ RunTime:0.001416s ]
INFO: [ app_end ] --END-- [ RunTime:0.001503s ]

[ 2017-03-24T14:07:37+08:00 ] ::1 /theguide/admin.php?s=/Code/add
INFO: [ app_init ] --START--
INFO: Run Behavior\BuildLiteBehavior [ RunTime:0.000020s ]
INFO: [ app_init ] --END-- [ RunTime:0.000697s ]
INFO: [ app_begin ] --START--
INFO: Run Behavior\ReadHtmlCacheBehavior [ RunTime:0.000775s ]
INFO: Run Behavior\CheckLangBehavior [ RunTime:0.001464s ]
INFO: [ app_begin ] --END-- [ RunTime:0.002384s ]
SQL: SHOW COLUMNS FROM `theguide_code` [ RunTime:0.0047s ]
SQL: INSERT INTO `theguide_code` (`lv`,`code`,`content`) VALUES ('1','qeqeqeq','') [ RunTime:0.0017s ]
INFO: [ view_parse ] --START--
INFO: [ template_filter ] --START--
INFO: Run Behavior\ContentReplaceBehavior [ RunTime:0.000066s ]
INFO: [ template_filter ] --END-- [ RunTime:0.000138s ]
INFO: Run Behavior\ParseTemplateBehavior [ RunTime:0.008532s ]
INFO: [ view_parse ] --END-- [ RunTime:0.008624s ]
INFO: [ view_filter ] --START--
INFO: Run Behavior\WriteHtmlCacheBehavior [ RunTime:0.000736s ]
INFO: [ view_filter ] --END-- [ RunTime:0.000798s ]

[ 2017-03-24T14:07:38+08:00 ] ::1 /theguide/admin.php?s=/Code/index
INFO: [ app_init ] --START--
INFO: Run Behavior\BuildLiteBehavior [ RunTime:0.000025s ]
INFO: [ app_init ] --END-- [ RunTime:0.000811s ]
INFO: [ app_begin ] --START--
INFO: Run Behavior\ReadHtmlCacheBehavior [ RunTime:0.000869s ]
INFO: Run Behavior\CheckLangBehavior [ RunTime:0.001601s ]
INFO: [ app_begin ] --END-- [ RunTime:0.002635s ]
SQL: SHOW COLUMNS FROM `theguide_code` [ RunTime:0.0065s ]
SQL: SELECT COUNT(*) AS tp_count FROM `theguide_code` LIMIT 1   [ RunTime:0.0003s ]
SQL: SELECT * FROM `theguide_code` ORDER BY code_id desc LIMIT 0,10   [ RunTime:0.0004s ]
INFO: [ view_parse ] --START--
INFO: [ template_filter ] --START--
INFO: Run Behavior\ContentReplaceBehavior [ RunTime:0.000100s ]
INFO: [ template_filter ] --END-- [ RunTime:0.000197s ]
SQL: SHOW COLUMNS FROM `theguide_menu` [ RunTime:0.0049s ]
SQL: SELECT * FROM `theguide_menu` ORDER BY sort_order  [ RunTime:0.0005s ]
INFO: [ view_parse ] --START--
INFO: [ template_filter ] --START--
INFO: Run Behavior\ContentReplaceBehavior [ RunTime:0.000057s ]
INFO: [ template_filter ] --END-- [ RunTime:-0.017025s ]
INFO: Run Behavior\ParseTemplateBehavior [ RunTime:0.005908s ]
INFO: [ view_parse ] --END-- [ RunTime:0.006031s ]
INFO: [ view_filter ] --START--
INFO: Run Behavior\WriteHtmlCacheBehavior [ RunTime:0.001012s ]
INFO: [ view_filter ] --END-- [ RunTime:0.001110s ]
INFO: Run Behavior\ParseTemplateBehavior [ RunTime:0.008773s ]
INFO: [ view_parse ] --END-- [ RunTime:0.006031s ]
INFO: [ view_filter ] --START--
INFO: Run Behavior\WriteHtmlCacheBehavior [ RunTime:0.000017s ]
INFO: [ view_filter ] --END-- [ RunTime:-0.001709s ]
INFO: [ app_end ] --START--
INFO: Run Behavior\ShowPageTraceBehavior [ RunTime:0.001198s ]
INFO: [ app_end ] --END-- [ RunTime:0.001274s ]

[ 2017-03-24T14:08:15+08:00 ] ::1 /theguide/admin.php?s=/Code/index
INFO: [ app_init ] --START--
INFO: Run Behavior\BuildLiteBehavior [ RunTime:0.000018s ]
INFO: [ app_init ] --END-- [ RunTime:0.000692s ]
INFO: [ app_begin ] --START--
INFO: Run Behavior\ReadHtmlCacheBehavior [ RunTime:0.000659s ]
INFO: Run Behavior\CheckLangBehavior [ RunTime:0.001268s ]
INFO: [ app_begin ] --END-- [ RunTime:0.002043s ]
SQL: SHOW COLUMNS FROM `theguide_code` [ RunTime:0.0215s ]
SQL: SELECT COUNT(*) AS tp_count FROM `theguide_code` LIMIT 1   [ RunTime:0.0003s ]
SQL: SELECT * FROM `theguide_code` ORDER BY code_id desc LIMIT 0,10   [ RunTime:0.0003s ]
INFO: [ view_parse ] --START--
INFO: [ template_filter ] --START--
INFO: Run Behavior\ContentReplaceBehavior [ RunTime:0.000100s ]
INFO: [ template_filter ] --END-- [ RunTime:0.000167s ]
SQL: SHOW COLUMNS FROM `theguide_menu` [ RunTime:0.0052s ]
SQL: SELECT * FROM `theguide_menu` ORDER BY sort_order  [ RunTime:0.0005s ]
INFO: [ view_parse ] --START--
INFO: [ template_filter ] --START--
INFO: Run Behavior\ContentReplaceBehavior [ RunTime:0.000064s ]
INFO: [ template_filter ] --END-- [ RunTime:-0.017394s ]
INFO: Run Behavior\ParseTemplateBehavior [ RunTime:0.005992s ]
INFO: [ view_parse ] --END-- [ RunTime:0.006093s ]
INFO: [ view_filter ] --START--
INFO: Run Behavior\WriteHtmlCacheBehavior [ RunTime:0.000739s ]
INFO: [ view_filter ] --END-- [ RunTime:0.000810s ]
INFO: Run Behavior\ParseTemplateBehavior [ RunTime:0.008164s ]
INFO: [ view_parse ] --END-- [ RunTime:0.006093s ]
INFO: [ view_filter ] --START--
INFO: Run Behavior\WriteHtmlCacheBehavior [ RunTime:0.000014s ]
INFO: [ view_filter ] --END-- [ RunTime:-0.001336s ]
INFO: [ app_end ] --START--
INFO: Run Behavior\ShowPageTraceBehavior [ RunTime:0.000939s ]
INFO: [ app_end ] --END-- [ RunTime:0.000999s ]

[ 2017-03-24T14:08:16+08:00 ] ::1 /theguide/admin.php?s=/Code/add
INFO: [ app_init ] --START--
INFO: Run Behavior\BuildLiteBehavior [ RunTime:0.000020s ]
INFO: [ app_init ] --END-- [ RunTime:0.000708s ]
INFO: [ app_begin ] --START--
INFO: Run Behavior\ReadHtmlCacheBehavior [ RunTime:0.000793s ]
INFO: Run Behavior\CheckLangBehavior [ RunTime:0.001438s ]
INFO: [ app_begin ] --END-- [ RunTime:0.002367s ]
INFO: [ view_parse ] --START--
INFO: [ template_filter ] --START--
INFO: Run Behavior\ContentReplaceBehavior [ RunTime:0.000130s ]
INFO: [ template_filter ] --END-- [ RunTime:0.000199s ]
SQL: SHOW COLUMNS FROM `theguide_menu` [ RunTime:0.0222s ]
SQL: SELECT * FROM `theguide_menu` ORDER BY sort_order  [ RunTime:0.0005s ]
INFO: [ view_parse ] --START--
INFO: [ template_filter ] --START--
INFO: Run Behavior\ContentReplaceBehavior [ RunTime:0.000056s ]
INFO: [ template_filter ] --END-- [ RunTime:-0.050450s ]
INFO: Run Behavior\ParseTemplateBehavior [ RunTime:0.005763s ]
INFO: [ view_parse ] --END-- [ RunTime:0.005852s ]
INFO: [ view_filter ] --START--
INFO: Run Behavior\WriteHtmlCacheBehavior [ RunTime:0.000811s ]
INFO: [ view_filter ] --END-- [ RunTime:0.000881s ]
NOTIC: [8] Undefined variable: d E:\wamp\www\theguide\Runtime\Cache\Admin\f81eb2886bf29915331a32750499a67d.php 第 180 行.
NOTIC: [8] Undefined variable: info E:\wamp\www\theguide\Runtime\Cache\Admin\f81eb2886bf29915331a32750499a67d.php 第 281 行.
NOTIC: [8] Undefined variable: action_url E:\wamp\www\theguide\Runtime\Cache\Admin\f81eb2886bf29915331a32750499a67d.php 第 292 行.
INFO: Run Behavior\ParseTemplateBehavior [ RunTime:0.006930s ]
INFO: [ view_parse ] --END-- [ RunTime:0.005852s ]
INFO: [ view_filter ] --START--
INFO: Run Behavior\WriteHtmlCacheBehavior [ RunTime:0.000015s ]
INFO: [ view_filter ] --END-- [ RunTime:-0.000253s ]
INFO: [ app_end ] --START--
INFO: Run Behavior\ShowPageTraceBehavior [ RunTime:0.000925s ]
INFO: [ app_end ] --END-- [ RunTime:0.000989s ]

[ 2017-03-24T14:08:21+08:00 ] ::1 /theguide/admin.php?s=/Code/add
INFO: [ app_init ] --START--
INFO: Run Behavior\BuildLiteBehavior [ RunTime:0.000022s ]
INFO: [ app_init ] --END-- [ RunTime:0.000698s ]
INFO: [ app_begin ] --START--
INFO: Run Behavior\ReadHtmlCacheBehavior [ RunTime:0.000760s ]
INFO: Run Behavior\CheckLangBehavior [ RunTime:0.001469s ]
INFO: [ app_begin ] --END-- [ RunTime:0.002373s ]
SQL: SHOW COLUMNS FROM `theguide_code` [ RunTime:0.0056s ]
SQL: INSERT INTO `theguide_code` (`lv`,`code`,`content`) VALUES ('1','eqeqweeqqwewqeq','') [ RunTime:0.0016s ]
INFO: [ view_parse ] --START--
INFO: [ template_filter ] --START--
INFO: Run Behavior\ContentReplaceBehavior [ RunTime:0.000080s ]
INFO: [ template_filter ] --END-- [ RunTime:0.000171s ]
INFO: Run Behavior\ParseTemplateBehavior [ RunTime:0.009211s ]
INFO: [ view_parse ] --END-- [ RunTime:0.009298s ]
INFO: [ view_filter ] --START--
INFO: Run Behavior\WriteHtmlCacheBehavior [ RunTime:0.000891s ]
INFO: [ view_filter ] --END-- [ RunTime:0.000965s ]

[ 2017-03-24T14:08:22+08:00 ] ::1 /theguide/admin.php?s=/Code/index
INFO: [ app_init ] --START--
INFO: Run Behavior\BuildLiteBehavior [ RunTime:0.000036s ]
INFO: [ app_init ] --END-- [ RunTime:0.001136s ]
INFO: [ app_begin ] --START--
INFO: Run Behavior\ReadHtmlCacheBehavior [ RunTime:0.001329s ]
INFO: Run Behavior\CheckLangBehavior [ RunTime:0.002430s ]
INFO: [ app_begin ] --END-- [ RunTime:0.004012s ]
SQL: SHOW COLUMNS FROM `theguide_code` [ RunTime:0.0211s ]
SQL: SELECT COUNT(*) AS tp_count FROM `theguide_code` LIMIT 1   [ RunTime:0.0003s ]
SQL: SELECT * FROM `theguide_code` ORDER BY code_id desc LIMIT 0,10   [ RunTime:0.0003s ]
INFO: [ view_parse ] --START--
INFO: [ template_filter ] --START--
INFO: Run Behavior\ContentReplaceBehavior [ RunTime:0.000186s ]
INFO: [ template_filter ] --END-- [ RunTime:0.000268s ]
SQL: SHOW COLUMNS FROM `theguide_menu` [ RunTime:0.0055s ]
SQL: SELECT * FROM `theguide_menu` ORDER BY sort_order  [ RunTime:0.0005s ]
INFO: [ view_parse ] --START--
INFO: [ template_filter ] --START--
INFO: Run Behavior\ContentReplaceBehavior [ RunTime:0.000060s ]
INFO: [ template_filter ] --END-- [ RunTime:-0.016068s ]
INFO: Run Behavior\ParseTemplateBehavior [ RunTime:0.005434s ]
INFO: [ view_parse ] --END-- [ RunTime:0.005527s ]
INFO: [ view_filter ] --START--
INFO: Run Behavior\WriteHtmlCacheBehavior [ RunTime:0.000709s ]
INFO: [ view_filter ] --END-- [ RunTime:0.000780s ]
INFO: Run Behavior\ParseTemplateBehavior [ RunTime:0.007752s ]
INFO: [ view_parse ] --END-- [ RunTime:0.005527s ]
INFO: [ view_filter ] --START--
INFO: Run Behavior\WriteHtmlCacheBehavior [ RunTime:0.000015s ]
INFO: [ view_filter ] --END-- [ RunTime:-0.001515s ]
INFO: [ app_end ] --START--
INFO: Run Behavior\ShowPageTraceBehavior [ RunTime:0.000934s ]
INFO: [ app_end ] --END-- [ RunTime:0.000994s ]

[ 2017-03-24T14:08:24+08:00 ] ::1 /theguide/admin.php?s=/Code/add
INFO: [ app_init ] --START--
INFO: Run Behavior\BuildLiteBehavior [ RunTime:0.000018s ]
INFO: [ app_init ] --END-- [ RunTime:0.000580s ]
INFO: [ app_begin ] --START--
INFO: Run Behavior\ReadHtmlCacheBehavior [ RunTime:0.000822s ]
INFO: Run Behavior\CheckLangBehavior [ RunTime:0.001261s ]
INFO: [ app_begin ] --END-- [ RunTime:0.002252s ]
INFO: [ view_parse ] --START--
INFO: [ template_filter ] --START--
INFO: Run Behavior\ContentReplaceBehavior [ RunTime:0.000162s ]
INFO: [ template_filter ] --END-- [ RunTime:0.000233s ]
SQL: SHOW COLUMNS FROM `theguide_menu` [ RunTime:0.0052s ]
SQL: SELECT * FROM `theguide_menu` ORDER BY sort_order  [ RunTime:0.0007s ]
INFO: [ view_parse ] --START--
INFO: [ template_filter ] --START--
INFO: Run Behavior\ContentReplaceBehavior [ RunTime:0.000057s ]
INFO: [ template_filter ] --END-- [ RunTime:-0.034686s ]
INFO: Run Behavior\ParseTemplateBehavior [ RunTime:0.005160s ]
INFO: [ view_parse ] --END-- [ RunTime:0.005256s ]
INFO: [ view_filter ] --START--
INFO: Run Behavior\WriteHtmlCacheBehavior [ RunTime:0.000727s ]
INFO: [ view_filter ] --END-- [ RunTime:0.000809s ]
NOTIC: [8] Undefined variable: d E:\wamp\www\theguide\Runtime\Cache\Admin\f81eb2886bf29915331a32750499a67d.php 第 180 行.
NOTIC: [8] Undefined variable: info E:\wamp\www\theguide\Runtime\Cache\Admin\f81eb2886bf29915331a32750499a67d.php 第 281 行.
NOTIC: [8] Undefined variable: action_url E:\wamp\www\theguide\Runtime\Cache\Admin\f81eb2886bf29915331a32750499a67d.php 第 292 行.
INFO: Run Behavior\ParseTemplateBehavior [ RunTime:0.006309s ]
INFO: [ view_parse ] --END-- [ RunTime:0.005256s ]
INFO: [ view_filter ] --START--
INFO: Run Behavior\WriteHtmlCacheBehavior [ RunTime:0.000015s ]
INFO: [ view_filter ] --END-- [ RunTime:-0.000289s ]
INFO: [ app_end ] --START--
INFO: Run Behavior\ShowPageTraceBehavior [ RunTime:0.001108s ]
INFO: [ app_end ] --END-- [ RunTime:0.001180s ]

[ 2017-03-24T14:08:33+08:00 ] ::1 /theguide/admin.php?s=/Code/add
INFO: [ app_init ] --START--
INFO: Run Behavior\BuildLiteBehavior [ RunTime:0.000025s ]
INFO: [ app_init ] --END-- [ RunTime:0.000842s ]
INFO: [ app_begin ] --START--
INFO: Run Behavior\ReadHtmlCacheBehavior [ RunTime:0.001107s ]
INFO: Run Behavior\CheckLangBehavior [ RunTime:0.002052s ]
INFO: [ app_begin ] --END-- [ RunTime:0.003314s ]
SQL: SHOW COLUMNS FROM `theguide_code` [ RunTime:0.0050s ]
SQL: INSERT INTO `theguide_code` (`lv`,`code`,`content`) VALUES ('1','dfgdfghhhs','') [ RunTime:0.0015s ]
INFO: [ view_parse ] --START--
INFO: [ template_filter ] --START--
INFO: Run Behavior\ContentReplaceBehavior [ RunTime:0.000092s ]
INFO: [ template_filter ] --END-- [ RunTime:0.000232s ]
INFO: Run Behavior\ParseTemplateBehavior [ RunTime:0.009212s ]
INFO: [ view_parse ] --END-- [ RunTime:0.009289s ]
INFO: [ view_filter ] --START--
INFO: Run Behavior\WriteHtmlCacheBehavior [ RunTime:0.000776s ]
INFO: [ view_filter ] --END-- [ RunTime:0.000842s ]

[ 2017-03-24T14:08:34+08:00 ] ::1 /theguide/admin.php?s=/Code/index
INFO: [ app_init ] --START--
INFO: Run Behavior\BuildLiteBehavior [ RunTime:0.000038s ]
INFO: [ app_init ] --END-- [ RunTime:0.001258s ]
INFO: [ app_begin ] --START--
INFO: Run Behavior\ReadHtmlCacheBehavior [ RunTime:0.001493s ]
INFO: Run Behavior\CheckLangBehavior [ RunTime:0.003114s ]
INFO: [ app_begin ] --END-- [ RunTime:0.004861s ]
SQL: SHOW COLUMNS FROM `theguide_code` [ RunTime:0.0241s ]
SQL: SELECT COUNT(*) AS tp_count FROM `theguide_code` LIMIT 1   [ RunTime:0.0004s ]
SQL: SELECT * FROM `theguide_code` ORDER BY code_id desc LIMIT 0,10   [ RunTime:0.0004s ]
INFO: [ view_parse ] --START--
INFO: [ template_filter ] --START--
INFO: Run Behavior\ContentReplaceBehavior [ RunTime:0.000163s ]
INFO: [ template_filter ] --END-- [ RunTime:0.000241s ]
SQL: SHOW COLUMNS FROM `theguide_menu` [ RunTime:0.0054s ]
SQL: SELECT * FROM `theguide_menu` ORDER BY sort_order  [ RunTime:0.0005s ]
INFO: [ view_parse ] --START--
INFO: [ template_filter ] --START--
INFO: Run Behavior\ContentReplaceBehavior [ RunTime:0.000051s ]
INFO: [ template_filter ] --END-- [ RunTime:-0.017430s ]
INFO: Run Behavior\ParseTemplateBehavior [ RunTime:0.005738s ]
INFO: [ view_parse ] --END-- [ RunTime:0.005835s ]
INFO: [ view_filter ] --START--
INFO: Run Behavior\WriteHtmlCacheBehavior [ RunTime:0.000855s ]
INFO: [ view_filter ] --END-- [ RunTime:0.000942s ]
INFO: Run Behavior\ParseTemplateBehavior [ RunTime:0.009223s ]
INFO: [ view_parse ] --END-- [ RunTime:0.005835s ]
INFO: [ view_filter ] --START--
INFO: Run Behavior\WriteHtmlCacheBehavior [ RunTime:0.000015s ]
INFO: [ view_filter ] --END-- [ RunTime:-0.002530s ]
INFO: [ app_end ] --START--
INFO: Run Behavior\ShowPageTraceBehavior [ RunTime:0.000968s ]
INFO: [ app_end ] --END-- [ RunTime:0.001029s ]

[ 2017-03-24T14:09:51+08:00 ] ::1 /theguide/admin.php?s=/Code/index
INFO: [ app_init ] --START--
INFO: Run Behavior\BuildLiteBehavior [ RunTime:0.000038s ]
INFO: [ app_init ] --END-- [ RunTime:0.001248s ]
INFO: [ app_begin ] --START--
INFO: Run Behavior\ReadHtmlCacheBehavior [ RunTime:0.000992s ]
INFO: Run Behavior\CheckLangBehavior [ RunTime:0.002723s ]
INFO: [ app_begin ] --END-- [ RunTime:0.003907s ]
SQL: SHOW COLUMNS FROM `theguide_code` [ RunTime:0.0062s ]
SQL: SELECT COUNT(*) AS tp_count FROM `theguide_code` LIMIT 1   [ RunTime:0.0004s ]
SQL: SELECT * FROM `theguide_code` ORDER BY code_id desc LIMIT 0,10   [ RunTime:0.0004s ]
INFO: [ view_parse ] --START--
INFO: [ template_filter ] --START--
INFO: Run Behavior\ContentReplaceBehavior [ RunTime:0.000160s ]
INFO: [ template_filter ] --END-- [ RunTime:0.000240s ]
SQL: SHOW COLUMNS FROM `theguide_menu` [ RunTime:0.0046s ]
SQL: SELECT * FROM `theguide_menu` ORDER BY sort_order  [ RunTime:0.0005s ]
INFO: [ view_parse ] --START--
INFO: [ template_filter ] --START--
INFO: Run Behavior\ContentReplaceBehavior [ RunTime:0.000060s ]
INFO: [ template_filter ] --END-- [ RunTime:-0.015912s ]
INFO: Run Behavior\ParseTemplateBehavior [ RunTime:0.006096s ]
INFO: [ view_parse ] --END-- [ RunTime:0.006194s ]
INFO: [ view_filter ] --START--
INFO: Run Behavior\WriteHtmlCacheBehavior [ RunTime:0.000797s ]
INFO: [ view_filter ] --END-- [ RunTime:0.000865s ]
INFO: Run Behavior\ParseTemplateBehavior [ RunTime:0.009771s ]
INFO: [ view_parse ] --END-- [ RunTime:0.006194s ]
INFO: [ view_filter ] --START--
INFO: Run Behavior\WriteHtmlCacheBehavior [ RunTime:0.000014s ]
INFO: [ view_filter ] --END-- [ RunTime:-0.002784s ]
INFO: [ app_end ] --START--
INFO: Run Behavior\ShowPageTraceBehavior [ RunTime:0.000991s ]
INFO: [ app_end ] --END-- [ RunTime:0.001052s ]

[ 2017-03-24T15:29:05+08:00 ] ::1 /theguide/admin.php?s=/Code/index
INFO: [ app_init ] --START--
INFO: Run Behavior\BuildLiteBehavior [ RunTime:0.000020s ]
INFO: [ app_init ] --END-- [ RunTime:0.000848s ]
INFO: [ app_begin ] --START--
INFO: Run Behavior\ReadHtmlCacheBehavior [ RunTime:0.000902s ]
INFO: Run Behavior\CheckLangBehavior [ RunTime:0.001810s ]
INFO: [ app_begin ] --END-- [ RunTime:0.002843s ]

[ 2017-03-24T15:29:05+08:00 ] ::1 /theguide/admin.php?s=/Public/login
INFO: [ app_init ] --START--
INFO: Run Behavior\BuildLiteBehavior [ RunTime:0.000034s ]
INFO: [ app_init ] --END-- [ RunTime:0.000762s ]
INFO: [ app_begin ] --START--
INFO: Run Behavior\ReadHtmlCacheBehavior [ RunTime:0.000723s ]
INFO: Run Behavior\CheckLangBehavior [ RunTime:0.001680s ]
INFO: [ app_begin ] --END-- [ RunTime:0.002558s ]
INFO: [ view_parse ] --START--
INFO: [ template_filter ] --START--
INFO: Run Behavior\ContentReplaceBehavior [ RunTime:0.000099s ]
INFO: [ template_filter ] --END-- [ RunTime:0.000223s ]
INFO: Run Behavior\ParseTemplateBehavior [ RunTime:0.008989s ]
INFO: [ view_parse ] --END-- [ RunTime:0.009072s ]
INFO: [ view_filter ] --START--
INFO: Run Behavior\WriteHtmlCacheBehavior [ RunTime:0.000680s ]
INFO: [ view_filter ] --END-- [ RunTime:0.000739s ]
INFO: [ app_end ] --START--
INFO: Run Behavior\ShowPageTraceBehavior [ RunTime:0.000861s ]
INFO: [ app_end ] --END-- [ RunTime:0.000923s ]

[ 2017-03-24T15:29:06+08:00 ] ::1 /theguide/admin.php?s=/Public/login
INFO: [ app_init ] --START--
INFO: Run Behavior\BuildLiteBehavior [ RunTime:0.000017s ]
INFO: [ app_init ] --END-- [ RunTime:0.000697s ]
INFO: [ app_begin ] --START--
INFO: Run Behavior\ReadHtmlCacheBehavior [ RunTime:0.000987s ]
INFO: Run Behavior\CheckLangBehavior [ RunTime:0.001918s ]
INFO: [ app_begin ] --END-- [ RunTime:0.003063s ]
SQL: SHOW COLUMNS FROM `theguide_admin` [ RunTime:0.0053s ]
SQL: SELECT * FROM `theguide_admin` WHERE `a_uname` = 'admin' LIMIT 1   [ RunTime:0.0004s ]
SQL: UPDATE `theguide_admin` SET `a_last_login_time`='1490340546',`a_login_count`=a_login_count+1,`a_last_login_ip`='0.0.0.0' WHERE `a_id` = 2 [ RunTime:0.0015s ]
SQL: SHOW COLUMNS FROM `theguide_user_action` [ RunTime:0.0066s ]
SQL: INSERT INTO `theguide_user_action` (`type`,`user_id`,`uname`,`add_time`,`info`) VALUES ('后台系统用户','2','admin','2017-03-24 15:29:06','登录了后台系统') [ RunTime:0.0015s ]

[ 2017-03-24T15:29:06+08:00 ] ::1 /theguide/admin.php?s=/Index/index
INFO: [ app_init ] --START--
INFO: Run Behavior\BuildLiteBehavior [ RunTime:0.000020s ]
INFO: [ app_init ] --END-- [ RunTime:0.000600s ]
INFO: [ app_begin ] --START--
INFO: Run Behavior\ReadHtmlCacheBehavior [ RunTime:0.000693s ]
INFO: Run Behavior\CheckLangBehavior [ RunTime:0.001780s ]
INFO: [ app_begin ] --END-- [ RunTime:0.002603s ]
SQL: SELECT DISTINCT ip from theguide_visitors_ip [ RunTime:0.0010s ]
SQL: SELECT DISTINCT ip from theguide_visitors_ip where last_visit_time='2017-03-24' [ RunTime:0.0009s ]
SQL: SHOW COLUMNS FROM `theguide_member` [ RunTime:0.0053s ]
SQL: SELECT * FROM `theguide_member`  [ RunTime:0.0003s ]
SQL: SELECT * from theguide_member where create_time>=1490284800 [ RunTime:0.0003s ]
SQL: SELECT SUM(total) AS total FROM theguide_order WHERE order_status_id NOT IN (3,5) [ RunTime:0.0003s ]
SQL: SELECT SUM(total) AS total FROM theguide_order WHERE order_status_id NOT IN (3,5) AND date_added>=1490284800 AND date_added<=1490371200 [ RunTime:0.0003s ]
SQL: SELECT count(*) AS total FROM theguide_order  [ RunTime:0.0002s ]
SQL: SELECT count(*) AS total FROM theguide_order  where date_added>=1490284800 AND date_added<=1490371200 [ RunTime:0.0002s ]
NOTIC: [2] Missing argument 1 for Admin\Model\OrderModel::show_order_page(), called in E:\wamp\www\theguide\Modules\Admin\Controller\IndexController.class.php on line 28 and defined E:\wamp\www\theguide\Modules\Admin\Model\OrderModel.class.php 第 21 行.
SQL: SELECT o.order_id,o.order_num_alias,o.total,o.ip_region,o.payment_code,o.shipping_method,o.date_added,o.date_modified,m.uname,os.order_status_id,os.name FROM theguide_order o,theguide_member m,theguide_order_status os WHERE o.member_id=m.member_id AND o.order_status_id=os.order_status_id  [ RunTime:0.0004s ]
SQL: SELECT o.order_id,o.order_num_alias,o.total,o.ip_region,o.payment_code,o.shipping_method,o.date_added,o.date_modified,m.uname,os.order_status_id,os.name FROM theguide_order o,theguide_member m,theguide_order_status os WHERE o.member_id=m.member_id AND o.order_status_id=os.order_status_id  ORDER BY o.order_id DESC LIMIT 0,10 [ RunTime:0.0005s ]
SQL: SHOW COLUMNS FROM `theguide_user_action` [ RunTime:0.0059s ]
SQL: SELECT * FROM `theguide_user_action` ORDER BY ua_id desc LIMIT 10   [ RunTime:0.0003s ]
INFO: [ view_parse ] --START--
INFO: [ template_filter ] --START--
INFO: Run Behavior\ContentReplaceBehavior [ RunTime:0.000155s ]
INFO: [ template_filter ] --END-- [ RunTime:0.000243s ]
SQL: SHOW COLUMNS FROM `theguide_menu` [ RunTime:0.0061s ]
SQL: SELECT * FROM `theguide_menu` ORDER BY sort_order  [ RunTime:0.0004s ]
INFO: [ view_parse ] --START--
INFO: [ template_filter ] --START--
INFO: Run Behavior\ContentReplaceBehavior [ RunTime:0.000088s ]
INFO: [ template_filter ] --END-- [ RunTime:-0.019345s ]
INFO: Run Behavior\ParseTemplateBehavior [ RunTime:0.006427s ]
INFO: [ view_parse ] --END-- [ RunTime:0.006506s ]
INFO: [ view_filter ] --START--
INFO: Run Behavior\WriteHtmlCacheBehavior [ RunTime:0.000693s ]
INFO: [ view_filter ] --END-- [ RunTime:0.000752s ]
INFO: Run Behavior\ParseTemplateBehavior [ RunTime:0.008622s ]
INFO: [ view_parse ] --END-- [ RunTime:0.006506s ]
INFO: [ view_filter ] --START--
INFO: Run Behavior\WriteHtmlCacheBehavior [ RunTime:0.000014s ]
INFO: [ view_filter ] --END-- [ RunTime:-0.001418s ]
INFO: [ app_end ] --START--
INFO: Run Behavior\ShowPageTraceBehavior [ RunTime:0.001047s ]
INFO: [ app_end ] --END-- [ RunTime:0.001111s ]

[ 2017-03-24T16:14:10+08:00 ] ::1 /theguide/admin.php?s=/Index/index
INFO: [ app_init ] --START--
INFO: Run Behavior\BuildLiteBehavior [ RunTime:0.000023s ]
INFO: [ app_init ] --END-- [ RunTime:0.000776s ]
INFO: [ app_begin ] --START--
INFO: Run Behavior\ReadHtmlCacheBehavior [ RunTime:0.001045s ]
INFO: Run Behavior\CheckLangBehavior [ RunTime:0.002212s ]
INFO: [ app_begin ] --END-- [ RunTime:0.003418s ]

[ 2017-03-24T16:14:10+08:00 ] ::1 /theguide/admin.php?s=/Public/login
INFO: [ app_init ] --START--
INFO: Run Behavior\BuildLiteBehavior [ RunTime:0.000018s ]
INFO: [ app_init ] --END-- [ RunTime:0.000613s ]
INFO: [ app_begin ] --START--
INFO: Run Behavior\ReadHtmlCacheBehavior [ RunTime:0.000694s ]
INFO: Run Behavior\CheckLangBehavior [ RunTime:0.001635s ]
INFO: [ app_begin ] --END-- [ RunTime:0.002447s ]
INFO: [ view_parse ] --START--
INFO: [ template_filter ] --START--
INFO: Run Behavior\ContentReplaceBehavior [ RunTime:0.000081s ]
INFO: [ template_filter ] --END-- [ RunTime:0.000161s ]
INFO: Run Behavior\ParseTemplateBehavior [ RunTime:0.009477s ]
INFO: [ view_parse ] --END-- [ RunTime:0.009559s ]
INFO: [ view_filter ] --START--
INFO: Run Behavior\WriteHtmlCacheBehavior [ RunTime:0.000964s ]
INFO: [ view_filter ] --END-- [ RunTime:0.001031s ]
INFO: [ app_end ] --START--
INFO: Run Behavior\ShowPageTraceBehavior [ RunTime:0.000960s ]
INFO: [ app_end ] --END-- [ RunTime:0.001027s ]

[ 2017-03-24T16:14:11+08:00 ] ::1 /theguide/admin.php?s=/Public/login
INFO: [ app_init ] --START--
INFO: Run Behavior\BuildLiteBehavior [ RunTime:0.000027s ]
INFO: [ app_init ] --END-- [ RunTime:0.000758s ]
INFO: [ app_begin ] --START--
INFO: Run Behavior\ReadHtmlCacheBehavior [ RunTime:0.000995s ]
INFO: Run Behavior\CheckLangBehavior [ RunTime:0.001795s ]
INFO: [ app_begin ] --END-- [ RunTime:0.002935s ]
SQL: SHOW COLUMNS FROM `theguide_admin` [ RunTime:0.0058s ]
SQL: SELECT * FROM `theguide_admin` WHERE `a_uname` = 'admin' LIMIT 1   [ RunTime:0.0004s ]
SQL: UPDATE `theguide_admin` SET `a_last_login_time`='1490343251',`a_login_count`=a_login_count+1,`a_last_login_ip`='0.0.0.0' WHERE `a_id` = 2 [ RunTime:0.0019s ]
SQL: SHOW COLUMNS FROM `theguide_user_action` [ RunTime:0.0047s ]
SQL: INSERT INTO `theguide_user_action` (`type`,`user_id`,`uname`,`add_time`,`info`) VALUES ('后台系统用户','2','admin','2017-03-24 16:14:11','登录了后台系统') [ RunTime:0.0019s ]

[ 2017-03-24T16:14:11+08:00 ] ::1 /theguide/admin.php?s=/Index/index
INFO: [ app_init ] --START--
INFO: Run Behavior\BuildLiteBehavior [ RunTime:0.000017s ]
INFO: [ app_init ] --END-- [ RunTime:0.000605s ]
INFO: [ app_begin ] --START--
INFO: Run Behavior\ReadHtmlCacheBehavior [ RunTime:0.000784s ]
INFO: Run Behavior\CheckLangBehavior [ RunTime:0.001215s ]
INFO: [ app_begin ] --END-- [ RunTime:0.002137s ]
SQL: SELECT DISTINCT ip from theguide_visitors_ip [ RunTime:0.0007s ]
SQL: SELECT DISTINCT ip from theguide_visitors_ip where last_visit_time='2017-03-24' [ RunTime:0.0004s ]
SQL: SHOW COLUMNS FROM `theguide_member` [ RunTime:0.0060s ]
SQL: SELECT * FROM `theguide_member`  [ RunTime:0.0003s ]
SQL: SELECT * from theguide_member where create_time>=1490284800 [ RunTime:0.0003s ]
SQL: SELECT SUM(total) AS total FROM theguide_order WHERE order_status_id NOT IN (3,5) [ RunTime:0.0003s ]
SQL: SELECT SUM(total) AS total FROM theguide_order WHERE order_status_id NOT IN (3,5) AND date_added>=1490284800 AND date_added<=1490371200 [ RunTime:0.0002s ]
SQL: SELECT count(*) AS total FROM theguide_order  [ RunTime:0.0003s ]
SQL: SELECT count(*) AS total FROM theguide_order  where date_added>=1490284800 AND date_added<=1490371200 [ RunTime:0.0003s ]
NOTIC: [2] Missing argument 1 for Admin\Model\OrderModel::show_order_page(), called in E:\wamp\www\theguide\Modules\Admin\Controller\IndexController.class.php on line 28 and defined E:\wamp\www\theguide\Modules\Admin\Model\OrderModel.class.php 第 21 行.
SQL: SELECT o.order_id,o.order_num_alias,o.total,o.ip_region,o.payment_code,o.shipping_method,o.date_added,o.date_modified,m.uname,os.order_status_id,os.name FROM theguide_order o,theguide_member m,theguide_order_status os WHERE o.member_id=m.member_id AND o.order_status_id=os.order_status_id  [ RunTime:0.0004s ]
SQL: SELECT o.order_id,o.order_num_alias,o.total,o.ip_region,o.payment_code,o.shipping_method,o.date_added,o.date_modified,m.uname,os.order_status_id,os.name FROM theguide_order o,theguide_member m,theguide_order_status os WHERE o.member_id=m.member_id AND o.order_status_id=os.order_status_id  ORDER BY o.order_id DESC LIMIT 0,10 [ RunTime:0.0010s ]
SQL: SHOW COLUMNS FROM `theguide_user_action` [ RunTime:0.0055s ]
SQL: SELECT * FROM `theguide_user_action` ORDER BY ua_id desc LIMIT 10   [ RunTime:0.0003s ]
INFO: [ view_parse ] --START--
INFO: [ template_filter ] --START--
INFO: Run Behavior\ContentReplaceBehavior [ RunTime:0.000164s ]
INFO: [ template_filter ] --END-- [ RunTime:0.000265s ]
SQL: SHOW COLUMNS FROM `theguide_menu` [ RunTime:0.0059s ]
SQL: SELECT * FROM `theguide_menu` ORDER BY sort_order  [ RunTime:0.0006s ]
INFO: [ view_parse ] --START--
INFO: [ template_filter ] --START--
INFO: Run Behavior\ContentReplaceBehavior [ RunTime:0.000060s ]
INFO: [ template_filter ] --END-- [ RunTime:-0.019704s ]
INFO: Run Behavior\ParseTemplateBehavior [ RunTime:0.005639s ]
INFO: [ view_parse ] --END-- [ RunTime:0.005746s ]
INFO: [ view_filter ] --START--
INFO: Run Behavior\WriteHtmlCacheBehavior [ RunTime:0.000749s ]
INFO: [ view_filter ] --END-- [ RunTime:0.000847s ]
INFO: Run Behavior\ParseTemplateBehavior [ RunTime:0.007955s ]
INFO: [ view_parse ] --END-- [ RunTime:0.005746s ]
INFO: [ view_filter ] --START--
INFO: Run Behavior\WriteHtmlCacheBehavior [ RunTime:0.000014s ]
INFO: [ view_filter ] --END-- [ RunTime:-0.001446s ]
INFO: [ app_end ] --START--
INFO: Run Behavior\ShowPageTraceBehavior [ RunTime:0.001005s ]
INFO: [ app_end ] --END-- [ RunTime:0.001065s ]

[ 2017-03-24T18:11:36+08:00 ] ::1 /theguide/admin.php
INFO: [ app_init ] --START--
INFO: Run Behavior\BuildLiteBehavior [ RunTime:0.000018s ]
INFO: [ app_init ] --END-- [ RunTime:0.000744s ]
INFO: [ app_begin ] --START--
INFO: Run Behavior\ReadHtmlCacheBehavior [ RunTime:0.001369s ]
INFO: Run Behavior\CheckLangBehavior [ RunTime:0.002652s ]
INFO: [ app_begin ] --END-- [ RunTime:0.004266s ]

[ 2017-03-24T18:11:36+08:00 ] ::1 /theguide/admin.php?s=/Public/login
INFO: [ app_init ] --START--
INFO: Run Behavior\BuildLiteBehavior [ RunTime:0.000027s ]
INFO: [ app_init ] --END-- [ RunTime:0.000775s ]
INFO: [ app_begin ] --START--
INFO: Run Behavior\ReadHtmlCacheBehavior [ RunTime:0.001337s ]
INFO: Run Behavior\CheckLangBehavior [ RunTime:0.002248s ]
INFO: [ app_begin ] --END-- [ RunTime:0.003684s ]
INFO: [ view_parse ] --START--
INFO: [ template_filter ] --START--
INFO: Run Behavior\ContentReplaceBehavior [ RunTime:0.000066s ]
INFO: [ template_filter ] --END-- [ RunTime:0.000125s ]
INFO: Run Behavior\ParseTemplateBehavior [ RunTime:0.008906s ]
INFO: [ view_parse ] --END-- [ RunTime:0.008966s ]
INFO: [ view_filter ] --START--
INFO: Run Behavior\WriteHtmlCacheBehavior [ RunTime:0.000957s ]
INFO: [ view_filter ] --END-- [ RunTime:0.001000s ]
INFO: [ app_end ] --START--
INFO: Run Behavior\ShowPageTraceBehavior [ RunTime:0.001106s ]
INFO: [ app_end ] --END-- [ RunTime:0.001153s ]

[ 2017-03-24T18:11:37+08:00 ] ::1 /theguide/admin.php?s=/Public/login
INFO: [ app_init ] --START--
INFO: Run Behavior\BuildLiteBehavior [ RunTime:0.000015s ]
INFO: [ app_init ] --END-- [ RunTime:0.000736s ]
INFO: [ app_begin ] --START--
INFO: Run Behavior\ReadHtmlCacheBehavior [ RunTime:0.001084s ]
INFO: Run Behavior\CheckLangBehavior [ RunTime:0.001914s ]
INFO: [ app_begin ] --END-- [ RunTime:0.003106s ]
SQL: SHOW COLUMNS FROM `theguide_admin` [ RunTime:0.0048s ]
SQL: SELECT * FROM `theguide_admin` WHERE `a_uname` = 'admin' LIMIT 1   [ RunTime:0.0005s ]
SQL: UPDATE `theguide_admin` SET `a_last_login_time`='1490350297',`a_login_count`=a_login_count+1,`a_last_login_ip`='0.0.0.0' WHERE `a_id` = 2 [ RunTime:0.0160s ]
SQL: SHOW COLUMNS FROM `theguide_user_action` [ RunTime:0.0038s ]
SQL: INSERT INTO `theguide_user_action` (`type`,`user_id`,`uname`,`add_time`,`info`) VALUES ('后台系统用户','2','admin','2017-03-24 18:11:37','登录了后台系统') [ RunTime:0.0019s ]

[ 2017-03-24T18:11:38+08:00 ] ::1 /theguide/admin.php?s=/Index/index
INFO: [ app_init ] --START--
INFO: Run Behavior\BuildLiteBehavior [ RunTime:0.000014s ]
INFO: [ app_init ] --END-- [ RunTime:0.000676s ]
INFO: [ app_begin ] --START--
INFO: Run Behavior\ReadHtmlCacheBehavior [ RunTime:0.001316s ]
INFO: Run Behavior\CheckLangBehavior [ RunTime:0.001821s ]
INFO: [ app_begin ] --END-- [ RunTime:0.003290s ]
SQL: SELECT DISTINCT ip from theguide_visitors_ip [ RunTime:0.0018s ]
SQL: SELECT DISTINCT ip from theguide_visitors_ip where last_visit_time='2017-03-24' [ RunTime:0.0005s ]
SQL: SHOW COLUMNS FROM `theguide_member` [ RunTime:0.0043s ]
SQL: SELECT * FROM `theguide_member`  [ RunTime:0.0004s ]
SQL: SELECT * from theguide_member where create_time>=1490284800 [ RunTime:0.0003s ]
SQL: SELECT SUM(total) AS total FROM theguide_order WHERE order_status_id NOT IN (3,5) [ RunTime:0.0022s ]
SQL: SELECT SUM(total) AS total FROM theguide_order WHERE order_status_id NOT IN (3,5) AND date_added>=1490284800 AND date_added<=1490371200 [ RunTime:0.0008s ]
SQL: SELECT count(*) AS total FROM theguide_order  [ RunTime:0.0002s ]
SQL: SELECT count(*) AS total FROM theguide_order  where date_added>=1490284800 AND date_added<=1490371200 [ RunTime:0.0002s ]
NOTIC: [2] Missing argument 1 for Admin\Model\OrderModel::show_order_page(), called in D:\WWW\theguide\Modules\Admin\Controller\IndexController.class.php on line 28 and defined D:\WWW\theguide\Modules\Admin\Model\OrderModel.class.php 第 21 行.
SQL: SELECT o.order_id,o.order_num_alias,o.total,o.ip_region,o.payment_code,o.shipping_method,o.date_added,o.date_modified,m.uname,os.order_status_id,os.name FROM theguide_order o,theguide_member m,theguide_order_status os WHERE o.member_id=m.member_id AND o.order_status_id=os.order_status_id  [ RunTime:0.0004s ]
SQL: SELECT o.order_id,o.order_num_alias,o.total,o.ip_region,o.payment_code,o.shipping_method,o.date_added,o.date_modified,m.uname,os.order_status_id,os.name FROM theguide_order o,theguide_member m,theguide_order_status os WHERE o.member_id=m.member_id AND o.order_status_id=os.order_status_id  ORDER BY o.order_id DESC LIMIT 0,10 [ RunTime:0.0006s ]
SQL: SHOW COLUMNS FROM `theguide_user_action` [ RunTime:0.0037s ]
SQL: SELECT * FROM `theguide_user_action` ORDER BY ua_id desc LIMIT 10   [ RunTime:0.0004s ]
INFO: [ view_parse ] --START--
INFO: [ template_filter ] --START--
INFO: Run Behavior\ContentReplaceBehavior [ RunTime:0.000202s ]
INFO: [ template_filter ] --END-- [ RunTime:0.000333s ]
SQL: SHOW COLUMNS FROM `theguide_menu` [ RunTime:0.0042s ]
SQL: SELECT * FROM `theguide_menu` ORDER BY sort_order  [ RunTime:0.0005s ]
INFO: [ view_parse ] --START--
INFO: [ template_filter ] --START--
INFO: Run Behavior\ContentReplaceBehavior [ RunTime:0.000046s ]
INFO: [ template_filter ] --END-- [ RunTime:-0.014170s ]
INFO: Run Behavior\ParseTemplateBehavior [ RunTime:0.004307s ]
INFO: [ view_parse ] --END-- [ RunTime:0.004360s ]
INFO: [ view_filter ] --START--
INFO: Run Behavior\WriteHtmlCacheBehavior [ RunTime:0.000938s ]
INFO: [ view_filter ] --END-- [ RunTime:0.000989s ]
INFO: Run Behavior\ParseTemplateBehavior [ RunTime:0.006069s ]
INFO: [ view_parse ] --END-- [ RunTime:0.004360s ]
INFO: [ view_filter ] --START--
INFO: Run Behavior\WriteHtmlCacheBehavior [ RunTime:0.000011s ]
INFO: [ view_filter ] --END-- [ RunTime:-0.000767s ]
INFO: [ app_end ] --START--
INFO: Run Behavior\ShowPageTraceBehavior [ RunTime:0.001250s ]
INFO: [ app_end ] --END-- [ RunTime:0.001320s ]

[ 2017-03-24T18:15:39+08:00 ] ::1 /theguide/admin.php?s=/member/index
INFO: [ app_init ] --START--
INFO: Run Behavior\BuildLiteBehavior [ RunTime:0.000016s ]
INFO: [ app_init ] --END-- [ RunTime:0.000620s ]
INFO: [ app_begin ] --START--
INFO: Run Behavior\ReadHtmlCacheBehavior [ RunTime:0.001073s ]
INFO: Run Behavior\CheckLangBehavior [ RunTime:0.001801s ]
INFO: [ app_begin ] --END-- [ RunTime:0.002992s ]
SQL: SHOW COLUMNS FROM `theguide_member` [ RunTime:0.0204s ]
SQL: select * from theguide_member where 1  [ RunTime:0.0006s ]
SQL: select * from theguide_member where 1  order by member_id desc LIMIT 0,10 [ RunTime:0.0004s ]
SQL: SELECT COUNT(*) AS tp_count FROM `theguide_member` WHERE `pid` = 3 OR `sid` = 3 LIMIT 1   [ RunTime:0.0003s ]
INFO: [ view_parse ] --START--
INFO: [ template_filter ] --START--
INFO: Run Behavior\ContentReplaceBehavior [ RunTime:0.000114s ]
INFO: [ template_filter ] --END-- [ RunTime:0.000164s ]
SQL: SHOW COLUMNS FROM `theguide_menu` [ RunTime:0.0045s ]
SQL: SELECT * FROM `theguide_menu` ORDER BY sort_order  [ RunTime:0.0005s ]
INFO: [ view_parse ] --START--
INFO: [ template_filter ] --START--
INFO: Run Behavior\ContentReplaceBehavior [ RunTime:0.000058s ]
INFO: [ template_filter ] --END-- [ RunTime:-0.015016s ]
INFO: Run Behavior\ParseTemplateBehavior [ RunTime:0.004282s ]
INFO: [ view_parse ] --END-- [ RunTime:0.004338s ]
INFO: [ view_filter ] --START--
INFO: Run Behavior\WriteHtmlCacheBehavior [ RunTime:0.000674s ]
INFO: [ view_filter ] --END-- [ RunTime:0.000718s ]
NOTIC: [8] Undefined index: num D:\WWW\theguide\Runtime\Cache\Admin\316be533e8b7772c98e865fb1f158ff5.php 第 227 行.
INFO: Run Behavior\ParseTemplateBehavior [ RunTime:0.005376s ]
INFO: [ view_parse ] --END-- [ RunTime:0.004338s ]
INFO: [ view_filter ] --START--
INFO: Run Behavior\WriteHtmlCacheBehavior [ RunTime:0.000009s ]
INFO: [ view_filter ] --END-- [ RunTime:-0.000362s ]
INFO: [ app_end ] --START--
INFO: Run Behavior\ShowPageTraceBehavior [ RunTime:0.000890s ]
INFO: [ app_end ] --END-- [ RunTime:0.000939s ]

[ 2017-03-24T18:15:46+08:00 ] ::1 /theguide/admin.php?s=/UserAction/index
INFO: [ app_init ] --START--
INFO: Run Behavior\BuildLiteBehavior [ RunTime:0.000016s ]
INFO: [ app_init ] --END-- [ RunTime:0.000639s ]
INFO: [ app_begin ] --START--
INFO: Run Behavior\ReadHtmlCacheBehavior [ RunTime:0.001033s ]
INFO: Run Behavior\CheckLangBehavior [ RunTime:0.001712s ]
INFO: [ app_begin ] --END-- [ RunTime:0.002852s ]
SQL: SHOW COLUMNS FROM `theguide_user_action` [ RunTime:0.0197s ]
SQL: SELECT COUNT(*) AS tp_count FROM `theguide_user_action` LIMIT 1   [ RunTime:0.0005s ]
SQL: SELECT * FROM `theguide_user_action` ORDER BY ua_id desc LIMIT 0,10   [ RunTime:0.0008s ]
INFO: [ view_parse ] --START--
INFO: [ template_filter ] --START--
INFO: Run Behavior\ContentReplaceBehavior [ RunTime:0.000085s ]
INFO: [ template_filter ] --END-- [ RunTime:0.000140s ]
SQL: SHOW COLUMNS FROM `theguide_menu` [ RunTime:0.0042s ]
SQL: SELECT * FROM `theguide_menu` ORDER BY sort_order  [ RunTime:0.0005s ]
INFO: [ view_parse ] --START--
INFO: [ template_filter ] --START--
INFO: Run Behavior\ContentReplaceBehavior [ RunTime:0.000046s ]
INFO: [ template_filter ] --END-- [ RunTime:-0.013763s ]
INFO: Run Behavior\ParseTemplateBehavior [ RunTime:0.004161s ]
INFO: [ view_parse ] --END-- [ RunTime:0.004223s ]
INFO: [ view_filter ] --START--
INFO: Run Behavior\WriteHtmlCacheBehavior [ RunTime:0.000763s ]
INFO: [ view_filter ] --END-- [ RunTime:0.000811s ]
INFO: Run Behavior\ParseTemplateBehavior [ RunTime:0.005131s ]
INFO: [ view_parse ] --END-- [ RunTime:0.004223s ]
INFO: [ view_filter ] --START--
INFO: Run Behavior\WriteHtmlCacheBehavior [ RunTime:0.000009s ]
INFO: [ view_filter ] --END-- [ RunTime:-0.000140s ]
INFO: [ app_end ] --START--
INFO: Run Behavior\ShowPageTraceBehavior [ RunTime:0.001014s ]
INFO: [ app_end ] --END-- [ RunTime:0.001069s ]

[ 2017-03-24T18:15:47+08:00 ] ::1 /theguide/admin.php?s=/Code/index
INFO: [ app_init ] --START--
INFO: Run Behavior\BuildLiteBehavior [ RunTime:0.000017s ]
INFO: [ app_init ] --END-- [ RunTime:0.000786s ]
INFO: [ app_begin ] --START--
INFO: Run Behavior\ReadHtmlCacheBehavior [ RunTime:0.000876s ]
INFO: Run Behavior\CheckLangBehavior [ RunTime:0.001513s ]
INFO: [ app_begin ] --END-- [ RunTime:0.002482s ]
SQL: SHOW COLUMNS FROM `theguide_code` [ RunTime:0.0206s ]
SQL: SELECT COUNT(*) AS tp_count FROM `theguide_code` LIMIT 1   [ RunTime:0.0004s ]
SQL: SELECT * FROM `theguide_code` ORDER BY code_id desc LIMIT 0,10   [ RunTime:0.0004s ]
INFO: [ view_parse ] --START--
INFO: [ template_filter ] --START--
INFO: Run Behavior\ContentReplaceBehavior [ RunTime:0.000119s ]
INFO: [ template_filter ] --END-- [ RunTime:0.000175s ]
SQL: SHOW COLUMNS FROM `theguide_menu` [ RunTime:0.0041s ]
SQL: SELECT * FROM `theguide_menu` ORDER BY sort_order  [ RunTime:0.0005s ]
INFO: [ view_parse ] --START--
INFO: [ template_filter ] --START--
INFO: Run Behavior\ContentReplaceBehavior [ RunTime:0.000046s ]
INFO: [ template_filter ] --END-- [ RunTime:-0.013155s ]
INFO: Run Behavior\ParseTemplateBehavior [ RunTime:0.004119s ]
INFO: [ view_parse ] --END-- [ RunTime:0.004177s ]
INFO: [ view_filter ] --START--
INFO: Run Behavior\WriteHtmlCacheBehavior [ RunTime:0.000769s ]
INFO: [ view_filter ] --END-- [ RunTime:0.000815s ]
INFO: Run Behavior\ParseTemplateBehavior [ RunTime:0.005902s ]
INFO: [ view_parse ] --END-- [ RunTime:0.004177s ]
INFO: [ view_filter ] --START--
INFO: Run Behavior\WriteHtmlCacheBehavior [ RunTime:0.000011s ]
INFO: [ view_filter ] --END-- [ RunTime:-0.000962s ]
INFO: [ app_end ] --START--
INFO: Run Behavior\ShowPageTraceBehavior [ RunTime:0.001240s ]
INFO: [ app_end ] --END-- [ RunTime:0.001346s ]

[ 2017-03-24T18:15:48+08:00 ] ::1 /theguide/admin.php?s=/AdminUser/index
INFO: [ app_init ] --START--
INFO: Run Behavior\BuildLiteBehavior [ RunTime:0.000013s ]
INFO: [ app_init ] --END-- [ RunTime:0.000603s ]
INFO: [ app_begin ] --START--
INFO: Run Behavior\ReadHtmlCacheBehavior [ RunTime:0.000893s ]
INFO: Run Behavior\CheckLangBehavior [ RunTime:0.001508s ]
INFO: [ app_begin ] --END-- [ RunTime:0.002498s ]
SQL: select * from theguide_admin  [ RunTime:0.0004s ]
SQL: select * from theguide_admin  order by a_id desc LIMIT 0,10 [ RunTime:0.0004s ]
INFO: [ view_parse ] --START--
INFO: [ template_filter ] --START--
INFO: Run Behavior\ContentReplaceBehavior [ RunTime:0.000099s ]
INFO: [ template_filter ] --END-- [ RunTime:0.000152s ]
SQL: SHOW COLUMNS FROM `theguide_menu` [ RunTime:0.0039s ]
SQL: SELECT * FROM `theguide_menu` ORDER BY sort_order  [ RunTime:0.0005s ]
INFO: [ view_parse ] --START--
INFO: [ template_filter ] --START--
INFO: Run Behavior\ContentReplaceBehavior [ RunTime:0.000045s ]
INFO: [ template_filter ] --END-- [ RunTime:-0.013399s ]
INFO: Run Behavior\ParseTemplateBehavior [ RunTime:0.004303s ]
INFO: [ view_parse ] --END-- [ RunTime:0.004367s ]
INFO: [ view_filter ] --START--
INFO: Run Behavior\WriteHtmlCacheBehavior [ RunTime:0.000738s ]
INFO: [ view_filter ] --END-- [ RunTime:0.000789s ]
INFO: Run Behavior\ParseTemplateBehavior [ RunTime:0.005449s ]
INFO: [ view_parse ] --END-- [ RunTime:0.004367s ]
INFO: [ view_filter ] --START--
INFO: Run Behavior\WriteHtmlCacheBehavior [ RunTime:0.000010s ]
INFO: [ view_filter ] --END-- [ RunTime:-0.000366s ]
INFO: [ app_end ] --START--
INFO: Run Behavior\ShowPageTraceBehavior [ RunTime:0.001132s ]
INFO: [ app_end ] --END-- [ RunTime:0.001197s ]

[ 2017-03-24T18:15:51+08:00 ] ::1 /theguide/admin.php?s=/UserAction/index
INFO: [ app_init ] --START--
INFO: Run Behavior\BuildLiteBehavior [ RunTime:0.000013s ]
INFO: [ app_init ] --END-- [ RunTime:0.000697s ]
INFO: [ app_begin ] --START--
INFO: Run Behavior\ReadHtmlCacheBehavior [ RunTime:0.001071s ]
INFO: Run Behavior\CheckLangBehavior [ RunTime:0.001794s ]
INFO: [ app_begin ] --END-- [ RunTime:0.002989s ]
SQL: SHOW COLUMNS FROM `theguide_user_action` [ RunTime:0.0042s ]
SQL: SELECT COUNT(*) AS tp_count FROM `theguide_user_action` LIMIT 1   [ RunTime:0.0005s ]
SQL: SELECT * FROM `theguide_user_action` ORDER BY ua_id desc LIMIT 0,10   [ RunTime:0.0004s ]
INFO: [ view_parse ] --START--
INFO: [ template_filter ] --START--
INFO: Run Behavior\ContentReplaceBehavior [ RunTime:0.000086s ]
INFO: [ template_filter ] --END-- [ RunTime:0.000141s ]
SQL: SHOW COLUMNS FROM `theguide_menu` [ RunTime:0.0038s ]
SQL: SELECT * FROM `theguide_menu` ORDER BY sort_order  [ RunTime:0.0005s ]
INFO: [ view_parse ] --START--
INFO: [ template_filter ] --START--
INFO: Run Behavior\ContentReplaceBehavior [ RunTime:0.000048s ]
INFO: [ template_filter ] --END-- [ RunTime:-0.012930s ]
INFO: Run Behavior\ParseTemplateBehavior [ RunTime:0.004509s ]
INFO: [ view_parse ] --END-- [ RunTime:0.004568s ]
INFO: [ view_filter ] --START--
INFO: Run Behavior\WriteHtmlCacheBehavior [ RunTime:0.000725s ]
INFO: [ view_filter ] --END-- [ RunTime:0.000770s ]
INFO: Run Behavior\ParseTemplateBehavior [ RunTime:0.005418s ]
INFO: [ view_parse ] --END-- [ RunTime:0.004568s ]
INFO: [ view_filter ] --START--
INFO: Run Behavior\WriteHtmlCacheBehavior [ RunTime:0.000009s ]
INFO: [ view_filter ] --END-- [ RunTime:-0.000124s ]
INFO: [ app_end ] --START--
INFO: Run Behavior\ShowPageTraceBehavior [ RunTime:0.000991s ]
INFO: [ app_end ] --END-- [ RunTime:0.001041s ]

[ 2017-03-24T18:15:52+08:00 ] ::1 /theguide/admin.php?s=/member/index
INFO: [ app_init ] --START--
INFO: Run Behavior\BuildLiteBehavior [ RunTime:0.000013s ]
INFO: [ app_init ] --END-- [ RunTime:0.000637s ]
INFO: [ app_begin ] --START--
INFO: Run Behavior\ReadHtmlCacheBehavior [ RunTime:0.000877s ]
INFO: Run Behavior\CheckLangBehavior [ RunTime:0.001366s ]
INFO: [ app_begin ] --END-- [ RunTime:0.002339s ]
SQL: SHOW COLUMNS FROM `theguide_member` [ RunTime:0.0200s ]
SQL: select * from theguide_member where 1  [ RunTime:0.0005s ]
SQL: select * from theguide_member where 1  order by member_id desc LIMIT 0,10 [ RunTime:0.0004s ]
SQL: SELECT COUNT(*) AS tp_count FROM `theguide_member` WHERE `pid` = 3 OR `sid` = 3 LIMIT 1   [ RunTime:0.0004s ]
INFO: [ view_parse ] --START--
INFO: [ template_filter ] --START--
INFO: Run Behavior\ContentReplaceBehavior [ RunTime:0.000163s ]
INFO: [ template_filter ] --END-- [ RunTime:0.000252s ]
SQL: SHOW COLUMNS FROM `theguide_menu` [ RunTime:0.0038s ]
SQL: SELECT * FROM `theguide_menu` ORDER BY sort_order  [ RunTime:0.0004s ]
INFO: [ view_parse ] --START--
INFO: [ template_filter ] --START--
INFO: Run Behavior\ContentReplaceBehavior [ RunTime:0.000047s ]
INFO: [ template_filter ] --END-- [ RunTime:-0.014209s ]
INFO: Run Behavior\ParseTemplateBehavior [ RunTime:0.004332s ]
INFO: [ view_parse ] --END-- [ RunTime:0.004392s ]
INFO: [ view_filter ] --START--
INFO: Run Behavior\WriteHtmlCacheBehavior [ RunTime:0.000762s ]
INFO: [ view_filter ] --END-- [ RunTime:0.000807s ]
NOTIC: [8] Undefined index: num D:\WWW\theguide\Runtime\Cache\Admin\316be533e8b7772c98e865fb1f158ff5.php 第 227 行.
INFO: Run Behavior\ParseTemplateBehavior [ RunTime:0.005517s ]
INFO: [ view_parse ] --END-- [ RunTime:0.004392s ]
INFO: [ view_filter ] --START--
INFO: Run Behavior\WriteHtmlCacheBehavior [ RunTime:0.000010s ]
INFO: [ view_filter ] --END-- [ RunTime:-0.000359s ]
INFO: [ app_end ] --START--
INFO: Run Behavior\ShowPageTraceBehavior [ RunTime:0.000973s ]
INFO: [ app_end ] --END-- [ RunTime:0.001025s ]

[ 2017-03-24T18:16:40+08:00 ] ::1 /theguide/admin.php?s=/Member/add
INFO: [ app_init ] --START--
INFO: Run Behavior\BuildLiteBehavior [ RunTime:0.000016s ]
INFO: [ app_init ] --END-- [ RunTime:0.000784s ]
INFO: [ app_begin ] --START--
INFO: Run Behavior\ReadHtmlCacheBehavior [ RunTime:0.001083s ]
INFO: Run Behavior\CheckLangBehavior [ RunTime:0.001753s ]
INFO: [ app_begin ] --END-- [ RunTime:0.002964s ]
INFO: [ view_parse ] --START--
INFO: [ template_filter ] --START--
INFO: Run Behavior\ContentReplaceBehavior [ RunTime:0.000247s ]
INFO: [ template_filter ] --END-- [ RunTime:0.000323s ]
SQL: SHOW COLUMNS FROM `theguide_menu` [ RunTime:0.0209s ]
SQL: SELECT * FROM `theguide_menu` ORDER BY sort_order  [ RunTime:0.0007s ]
INFO: [ view_parse ] --START--
INFO: [ template_filter ] --START--
INFO: Run Behavior\ContentReplaceBehavior [ RunTime:0.000045s ]
INFO: [ template_filter ] --END-- [ RunTime:-0.049732s ]
INFO: Run Behavior\ParseTemplateBehavior [ RunTime:0.004314s ]
INFO: [ view_parse ] --END-- [ RunTime:0.004375s ]
INFO: [ view_filter ] --START--
INFO: Run Behavior\WriteHtmlCacheBehavior [ RunTime:0.000842s ]
INFO: [ view_filter ] --END-- [ RunTime:0.000891s ]
NOTIC: [8] Undefined variable: data D:\WWW\theguide\Runtime\Cache\Admin\ba7ed59affb9fbccb78b3532a35f5ea6.php 第 297 行.
NOTIC: [8] Undefined variable: data D:\WWW\theguide\Runtime\Cache\Admin\ba7ed59affb9fbccb78b3532a35f5ea6.php 第 299 行.
NOTIC: [8] Undefined variable: data D:\WWW\theguide\Runtime\Cache\Admin\ba7ed59affb9fbccb78b3532a35f5ea6.php 第 309 行.
NOTIC: [8] Undefined variable: data D:\WWW\theguide\Runtime\Cache\Admin\ba7ed59affb9fbccb78b3532a35f5ea6.php 第 311 行.
NOTIC: [8] Undefined variable: data D:\WWW\theguide\Runtime\Cache\Admin\ba7ed59affb9fbccb78b3532a35f5ea6.php 第 321 行.
NOTIC: [8] Undefined variable: data D:\WWW\theguide\Runtime\Cache\Admin\ba7ed59affb9fbccb78b3532a35f5ea6.php 第 323 行.
NOTIC: [8] Undefined variable: info D:\WWW\theguide\Runtime\Cache\Admin\ba7ed59affb9fbccb78b3532a35f5ea6.php 第 427 行.
NOTIC: [8] Undefined variable: action_url D:\WWW\theguide\Runtime\Cache\Admin\ba7ed59affb9fbccb78b3532a35f5ea6.php 第 437 行.
INFO: Run Behavior\ParseTemplateBehavior [ RunTime:0.005641s ]
INFO: [ view_parse ] --END-- [ RunTime:0.004375s ]
INFO: [ view_filter ] --START--
INFO: Run Behavior\WriteHtmlCacheBehavior [ RunTime:0.000010s ]
INFO: [ view_filter ] --END-- [ RunTime:-0.000422s ]
INFO: [ app_end ] --START--
INFO: Run Behavior\ShowPageTraceBehavior [ RunTime:0.001460s ]
INFO: [ app_end ] --END-- [ RunTime:0.001517s ]

[ 2017-03-24T18:17:16+08:00 ] ::1 /theguide/admin.php?s=/Member/add
INFO: [ app_init ] --START--
INFO: Run Behavior\BuildLiteBehavior [ RunTime:0.000015s ]
INFO: [ app_init ] --END-- [ RunTime:0.000662s ]
INFO: [ app_begin ] --START--
INFO: Run Behavior\ReadHtmlCacheBehavior [ RunTime:0.001315s ]
INFO: Run Behavior\CheckLangBehavior [ RunTime:0.002405s ]
INFO: [ app_begin ] --END-- [ RunTime:0.003850s ]
SQL: SHOW COLUMNS FROM `theguide_code` [ RunTime:0.0041s ]
SQL: SHOW COLUMNS FROM `theguide_member` [ RunTime:0.0049s ]
SQL: SELECT * FROM `theguide_member` WHERE `uname` = 'zhang' LIMIT 1   [ RunTime:0.0005s ]
SQL: SELECT * FROM `theguide_member` WHERE `email` = '421932286@qq.com' LIMIT 1   [ RunTime:0.0004s ]
SQL: SELECT * FROM `theguide_member` WHERE `invite_code` = '' LIMIT 1   [ RunTime:0.0004s ]
SQL: SELECT * FROM `theguide_code` WHERE `code` = '' LIMIT 1   [ RunTime:0.0004s ]
NOTIC: [8] Undefined offset: 1 D:\WWW\theguide\Modules\Admin\Model\MemberModel.class.php 第 180 行.
NOTIC: [8] Undefined offset: 1 D:\WWW\theguide\Modules\Admin\Model\MemberModel.class.php 第 185 行.
NOTIC: [8] Undefined offset: 1 D:\WWW\theguide\Modules\Admin\Model\MemberModel.class.php 第 190 行.
SQL: SELECT * FROM `theguide_member` WHERE `invite_code` = '' LIMIT 1   [ RunTime:0.0004s ]
NOTIC: [8] Undefined variable: error D:\WWW\theguide\Modules\Admin\Model\MemberModel.class.php 第 204 行.
SQL: SHOW COLUMNS FROM `theguide_member` [ RunTime:0.0042s ]
SQL: INSERT INTO `theguide_member` (`uname`,`pwd`,`email`,`telephone`,`invite_code`,`referee_code`,`name`,`id_card`,`loc_province`,`loc_city`,`loc_town`,`address`,`idcadeimage1`,`idcadeimage2`,`addressimage`,`lv`,`addressall`,`create_time`,`status`) VALUES ('zhang','MDAwMDAwMDAwMIJ9mpaAepxn','421932286@qq.com','','','','','','省份','地级市','市、县、区','','','','','1','省份地级市市、县、区','1490350636','1') [ RunTime:0.0017s ]
INFO: [ view_parse ] --START--
INFO: [ template_filter ] --START--
INFO: Run Behavior\ContentReplaceBehavior [ RunTime:0.000066s ]
INFO: [ template_filter ] --END-- [ RunTime:0.000142s ]
INFO: Run Behavior\ParseTemplateBehavior [ RunTime:0.008893s ]
INFO: [ view_parse ] --END-- [ RunTime:0.008988s ]
INFO: [ view_filter ] --START--
INFO: Run Behavior\WriteHtmlCacheBehavior [ RunTime:0.001076s ]
INFO: [ view_filter ] --END-- [ RunTime:0.001130s ]

[ 2017-03-24T18:17:17+08:00 ] ::1 /theguide/admin.php?s=/Member/index
INFO: [ app_init ] --START--
INFO: Run Behavior\BuildLiteBehavior [ RunTime:0.000027s ]
INFO: [ app_init ] --END-- [ RunTime:0.000822s ]
INFO: [ app_begin ] --START--
INFO: Run Behavior\ReadHtmlCacheBehavior [ RunTime:0.001071s ]
INFO: Run Behavior\CheckLangBehavior [ RunTime:0.001890s ]
INFO: [ app_begin ] --END-- [ RunTime:0.003085s ]
SQL: SHOW COLUMNS FROM `theguide_member` [ RunTime:0.0043s ]
SQL: select * from theguide_member where 1  [ RunTime:0.0005s ]
SQL: select * from theguide_member where 1  order by member_id desc LIMIT 0,10 [ RunTime:0.0005s ]
SQL: SELECT COUNT(*) AS tp_count FROM `theguide_member` WHERE `pid` = 4 OR `sid` = 4 LIMIT 1   [ RunTime:0.0004s ]
SQL: SELECT COUNT(*) AS tp_count FROM `theguide_member` WHERE `pid` = 3 OR `sid` = 3 LIMIT 1   [ RunTime:0.0002s ]
INFO: [ view_parse ] --START--
INFO: [ template_filter ] --START--
INFO: Run Behavior\ContentReplaceBehavior [ RunTime:0.000153s ]
INFO: [ template_filter ] --END-- [ RunTime:0.000210s ]
SQL: SHOW COLUMNS FROM `theguide_menu` [ RunTime:0.0042s ]
SQL: SELECT * FROM `theguide_menu` ORDER BY sort_order  [ RunTime:0.0004s ]
INFO: [ view_parse ] --START--
INFO: [ template_filter ] --START--
INFO: Run Behavior\ContentReplaceBehavior [ RunTime:0.000046s ]
INFO: [ template_filter ] --END-- [ RunTime:-0.015606s ]
INFO: Run Behavior\ParseTemplateBehavior [ RunTime:0.005296s ]
INFO: [ view_parse ] --END-- [ RunTime:0.005359s ]
INFO: [ view_filter ] --START--
INFO: Run Behavior\WriteHtmlCacheBehavior [ RunTime:0.000976s ]
INFO: [ view_filter ] --END-- [ RunTime:0.001027s ]
NOTIC: [8] Undefined index: num D:\WWW\theguide\Runtime\Cache\Admin\316be533e8b7772c98e865fb1f158ff5.php 第 227 行.
NOTIC: [8] Undefined index: num D:\WWW\theguide\Runtime\Cache\Admin\316be533e8b7772c98e865fb1f158ff5.php 第 227 行.
INFO: Run Behavior\ParseTemplateBehavior [ RunTime:0.006849s ]
INFO: [ view_parse ] --END-- [ RunTime:0.005359s ]
INFO: [ view_filter ] --START--
INFO: Run Behavior\WriteHtmlCacheBehavior [ RunTime:0.000010s ]
INFO: [ view_filter ] --END-- [ RunTime:-0.000506s ]
INFO: [ app_end ] --START--
INFO: Run Behavior\ShowPageTraceBehavior [ RunTime:0.001280s ]
INFO: [ app_end ] --END-- [ RunTime:0.001374s ]

